scons: Reading SConscript files ...
scons: done reading SConscript files.
scons: Building targets ...
g++ -o HelloWorld HelloWorld.o -Llib -lCreationCore-1.8_s -lCreationSplice-1.0.3-beta_s
lib/libCreationSplice-1.0.3-beta_s.a(CreationSplice.o): In function `FECS_Initialize':
CreationSplice.cpp:(.text+0x21): undefined reference to `FEC_Initialize'
lib/libCreationSplice-1.0.3-beta_s.a(CreationSplice.o): In function `FECS_Finalize':
CreationSplice.cpp:(.text+0xc1): undefined reference to `FEC_Finalize'
lib/libCreationSplice-1.0.3-beta_s.a(CreationSplice.o): In function `FECS_getKLAlias':
CreationSplice.cpp:(.text+0x3c5): undefined reference to `FEC_VariantInitStringCopy_cstr'
CreationSplice.cpp:(.text+0x3d4): undefined reference to `FEC_VariantInitTake'
CreationSplice.cpp:(.text+0x3e1): undefined reference to `FEC_VariantSetCopy'
CreationSplice.cpp:(.text+0x3eb): undefined reference to `FEC_VariantDispose'
CreationSplice.cpp:(.text+0x48a): undefined reference to `FEC_VariantDispose'
lib/libCreationSplice-1.0.3-beta_s.a(CreationSplice.o): In function `FECS_Node_getDGNode':
CreationSplice.cpp:(.text+0x9ce): undefined reference to `FEC_RefRelease'
CreationSplice.cpp:(.text+0x9df): undefined reference to `FEC_RefRetain'
CreationSplice.cpp:(.text+0x9fd): undefined reference to `FEC_RefRelease'
lib/libCreationSplice-1.0.3-beta_s.a(CreationSplice.o): In function `FECS_Node_addMember':
CreationSplice.cpp:(.text+0xaeb): undefined reference to `FEC_VariantInitCopy'
CreationSplice.cpp:(.text+0xb65): undefined reference to `FEC_VariantDispose'
CreationSplice.cpp:(.text+0xc66): undefined reference to `FEC_VariantDispose'
lib/libCreationSplice-1.0.3-beta_s.a(CreationSplice.o): In function `FECS_Node_getKLOperatorSourceCode':
CreationSplice.cpp:(.text+0x1261): undefined reference to `FEC_VariantInitStringCopy_cstr'
CreationSplice.cpp:(.text+0x1270): undefined reference to `FEC_VariantInitTake'
CreationSplice.cpp:(.text+0x127d): undefined reference to `FEC_VariantSetCopy'
CreationSplice.cpp:(.text+0x1287): undefined reference to `FEC_VariantDispose'
CreationSplice.cpp:(.text+0x1316): undefined reference to `FEC_VariantDispose'
lib/libCreationSplice-1.0.3-beta_s.a(CreationSplice.o): In function `FECS_Node_getPortInfo':
CreationSplice.cpp:(.text+0x24f1): undefined reference to `FEC_VariantInitNull'
CreationSplice.cpp:(.text+0x250f): undefined reference to `FEC_VariantInitWithVariantJSONEncoding'
CreationSplice.cpp:(.text+0x251e): undefined reference to `FEC_VariantInitTake'
CreationSplice.cpp:(.text+0x252b): undefined reference to `FEC_VariantSetCopy'
CreationSplice.cpp:(.text+0x2535): undefined reference to `FEC_VariantDispose'
CreationSplice.cpp:(.text+0x253d): undefined reference to `FEC_VariantDispose'
CreationSplice.cpp:(.text+0x256b): undefined reference to `FEC_VariantDispose'
CreationSplice.cpp:(.text+0x2573): undefined reference to `FEC_VariantDispose'
lib/libCreationSplice-1.0.3-beta_s.a(CreationSplice.o): In function `FECS_Node_getPersistenceData':
CreationSplice.cpp:(.text+0x25d1): undefined reference to `FEC_VariantInitStringCopy_cstr'
CreationSplice.cpp:(.text+0x25e0): undefined reference to `FEC_VariantInitTake'
CreationSplice.cpp:(.text+0x25ed): undefined reference to `FEC_VariantSetCopy'
CreationSplice.cpp:(.text+0x25f7): undefined reference to `FEC_VariantDispose'
CreationSplice.cpp:(.text+0x2653): undefined reference to `FEC_VariantDispose'
lib/libCreationSplice-1.0.3-beta_s.a(CreationSplice.o): In function `FECS_Node_setFromPersistenceData':
CreationSplice.cpp:(.text+0x26a8): undefined reference to `FEC_VariantIsString'
CreationSplice.cpp:(.text+0x26b8): undefined reference to `FEC_VariantGetStringData'
lib/libCreationSplice-1.0.3-beta_s.a(CreationSplice.o): In function `FECS_Port_getName':
CreationSplice.cpp:(.text+0x2c91): undefined reference to `FEC_VariantInitStringCopy_cstr'
CreationSplice.cpp:(.text+0x2ca0): undefined reference to `FEC_VariantInitTake'
CreationSplice.cpp:(.text+0x2cad): undefined reference to `FEC_VariantSetCopy'
CreationSplice.cpp:(.text+0x2cb7): undefined reference to `FEC_VariantDispose'
CreationSplice.cpp:(.text+0x2d13): undefined reference to `FEC_VariantDispose'
lib/libCreationSplice-1.0.3-beta_s.a(CreationSplice.o): In function `FECS_Port_getGroupName':
CreationSplice.cpp:(.text+0x2d85): undefined reference to `FEC_VariantInitStringCopy_cstr'
CreationSplice.cpp:(.text+0x2d94): undefined reference to `FEC_VariantInitTake'
CreationSplice.cpp:(.text+0x2da1): undefined reference to `FEC_VariantSetCopy'
CreationSplice.cpp:(.text+0x2dab): undefined reference to `FEC_VariantDispose'
CreationSplice.cpp:(.text+0x2e07): undefined reference to `FEC_VariantDispose'
lib/libCreationSplice-1.0.3-beta_s.a(CreationSplice.o): In function `FECS_Port_getMember':
CreationSplice.cpp:(.text+0x2f45): undefined reference to `FEC_VariantInitStringCopy_cstr'
CreationSplice.cpp:(.text+0x2f54): undefined reference to `FEC_VariantInitTake'
CreationSplice.cpp:(.text+0x2f61): undefined reference to `FEC_VariantSetCopy'
CreationSplice.cpp:(.text+0x2f6b): undefined reference to `FEC_VariantDispose'
CreationSplice.cpp:(.text+0x2fc7): undefined reference to `FEC_VariantDispose'
lib/libCreationSplice-1.0.3-beta_s.a(CreationSplice.o): In function `FECS_Port_getKey':
CreationSplice.cpp:(.text+0x3031): undefined reference to `FEC_VariantInitStringCopy_cstr'
CreationSplice.cpp:(.text+0x3040): undefined reference to `FEC_VariantInitTake'
CreationSplice.cpp:(.text+0x304d): undefined reference to `FEC_VariantSetCopy'
CreationSplice.cpp:(.text+0x3057): undefined reference to `FEC_VariantDispose'
CreationSplice.cpp:(.text+0x30b3): undefined reference to `FEC_VariantDispose'
lib/libCreationSplice-1.0.3-beta_s.a(CreationSplice.o): In function `FECS_Port_getDataType':
CreationSplice.cpp:(.text+0x3125): undefined reference to `FEC_VariantInitStringCopy_cstr'
CreationSplice.cpp:(.text+0x3134): undefined reference to `FEC_VariantInitTake'
CreationSplice.cpp:(.text+0x3141): undefined reference to `FEC_VariantSetCopy'
CreationSplice.cpp:(.text+0x314b): undefined reference to `FEC_VariantDispose'
CreationSplice.cpp:(.text+0x31a7): undefined reference to `FEC_VariantDispose'
lib/libCreationSplice-1.0.3-beta_s.a(CreationSplice.o): In function `FECS_Port_getVariant':
CreationSplice.cpp:(.text+0x3316): undefined reference to `FEC_VariantSetCopy'
CreationSplice.cpp:(.text+0x331e): undefined reference to `FEC_VariantDispose'
CreationSplice.cpp:(.text+0x3352): undefined reference to `FEC_VariantDispose'
lib/libCreationSplice-1.0.3-beta_s.a(CreationSplice.o): In function `FECS_Port_setVariant':
CreationSplice.cpp:(.text+0x33a2): undefined reference to `FEC_VariantInitCopy'
CreationSplice.cpp:(.text+0x33c0): undefined reference to `FEC_VariantDispose'
CreationSplice.cpp:(.text+0x3405): undefined reference to `FEC_VariantDispose'
lib/libCreationSplice-1.0.3-beta_s.a(CreationSplice.o): In function `FECS_Port_getJSON':
CreationSplice.cpp:(.text+0x3479): undefined reference to `FEC_VariantInitStringCopy_cstr'
CreationSplice.cpp:(.text+0x3488): undefined reference to `FEC_VariantInitTake'
CreationSplice.cpp:(.text+0x3495): undefined reference to `FEC_VariantSetCopy'
CreationSplice.cpp:(.text+0x349f): undefined reference to `FEC_VariantDispose'
CreationSplice.cpp:(.text+0x3508): undefined reference to `FEC_VariantDispose'
lib/libCreationSplice-1.0.3-beta_s.a(CreationSplice.o): In function `FECS_Port_getDefault':
CreationSplice.cpp:(.text+0x3658): undefined reference to `FEC_VariantSetCopy'
CreationSplice.cpp:(.text+0x3660): undefined reference to `FEC_VariantDispose'
CreationSplice.cpp:(.text+0x368f): undefined reference to `FEC_VariantDispose'
lib/libCreationSplice-1.0.3-beta_s.a(CreationSplice.o): In function `FECS_Node_getPortName':
CreationSplice.cpp:(.text+0x3f05): undefined reference to `FEC_VariantInitStringCopy_cstr'
CreationSplice.cpp:(.text+0x3f14): undefined reference to `FEC_VariantInitTake'
CreationSplice.cpp:(.text+0x3f21): undefined reference to `FEC_VariantSetCopy'
CreationSplice.cpp:(.text+0x3f2b): undefined reference to `FEC_VariantDispose'
CreationSplice.cpp:(.text+0x40aa): undefined reference to `FEC_VariantDispose'
lib/libCreationSplice-1.0.3-beta_s.a(CreationSplice.o): In function `FECS_Node_getGlobalKLOperatorName':
CreationSplice.cpp:(.text+0x41ca): undefined reference to `FEC_VariantInitStringCopy_cstr'
CreationSplice.cpp:(.text+0x41d9): undefined reference to `FEC_VariantInitTake'
CreationSplice.cpp:(.text+0x41e6): undefined reference to `FEC_VariantSetCopy'
CreationSplice.cpp:(.text+0x41f0): undefined reference to `FEC_VariantDispose'
CreationSplice.cpp:(.text+0x42a2): undefined reference to `FEC_VariantDispose'
lib/libCreationSplice-1.0.3-beta_s.a(CreationSplice.o): In function `FECS_Node_getKLOperatorName':
CreationSplice.cpp:(.text+0x43b4): undefined reference to `FEC_VariantInitStringCopy_cstr'
CreationSplice.cpp:(.text+0x43c3): undefined reference to `FEC_VariantInitTake'
CreationSplice.cpp:(.text+0x43d0): undefined reference to `FEC_VariantSetCopy'
CreationSplice.cpp:(.text+0x43da): undefined reference to `FEC_VariantDispose'
CreationSplice.cpp:(.text+0x4576): undefined reference to `FEC_VariantDispose'
lib/libCreationSplice-1.0.3-beta_s.a(CreationSplice.o): In function `FECS_Node_getPortGroup':
CreationSplice.cpp:(.text+0x4a5c): undefined reference to `FEC_VariantInitArrayEmpty'
CreationSplice.cpp:(.text+0x4a6b): undefined reference to `FEC_VariantInitTake'
CreationSplice.cpp:(.text+0x4a78): undefined reference to `FEC_VariantSetCopy'
CreationSplice.cpp:(.text+0x4a82): undefined reference to `FEC_VariantDispose'
CreationSplice.cpp:(.text+0x4ae1): undefined reference to `FEC_VariantInitStringCopy_cstr'
CreationSplice.cpp:(.text+0x4af0): undefined reference to `FEC_VariantInitTake'
CreationSplice.cpp:(.text+0x4afd): undefined reference to `FEC_VariantArrayAppendCopy'
CreationSplice.cpp:(.text+0x4b07): undefined reference to `FEC_VariantDispose'
CreationSplice.cpp:(.text+0x4c41): undefined reference to `FEC_VariantDispose'
CreationSplice.cpp:(.text+0x4cbf): undefined reference to `FEC_VariantDispose'
lib/libCreationSplice-1.0.3-beta_s.a(CreationSplice.o): In function `CreationCore::Ref::~Ref()':
CreationSplice.cpp:(.text._ZN12CreationCore3RefD2Ev[_ZN12CreationCore3RefD5Ev]+0x1c): undefined reference to `FEC_RefRelease'
lib/libCreationSplice-1.0.3-beta_s.a(CreationSplice.o): In function `CreationCore::Ref::~Ref()':
CreationSplice.cpp:(.text._ZN12CreationCore3RefD0Ev[_ZN12CreationCore3RefD5Ev]+0x1c): undefined reference to `FEC_RefRelease'
lib/libCreationSplice-1.0.3-beta_s.a(CreationSplice.o): In function `CreationCore::DGCompiledObject::~DGCompiledObject()':
CreationSplice.cpp:(.text._ZN12CreationCore16DGCompiledObjectD2Ev[_ZN12CreationCore16DGCompiledObjectD5Ev]+0x1c): undefined reference to `FEC_RefRelease'
lib/libCreationSplice-1.0.3-beta_s.a(CreationSplice.o): In function `CreationCore::DGNamedObject::~DGNamedObject()':
CreationSplice.cpp:(.text._ZN12CreationCore13DGNamedObjectD0Ev[_ZN12CreationCore13DGNamedObjectD5Ev]+0x1c): undefined reference to `FEC_RefRelease'
lib/libCreationSplice-1.0.3-beta_s.a(CreationSplice.o): In function `CreationCore::DGNamedObject::~DGNamedObject()':
CreationSplice.cpp:(.text._ZN12CreationCore13DGNamedObjectD2Ev[_ZN12CreationCore13DGNamedObjectD5Ev]+0x1c): undefined reference to `FEC_RefRelease'
lib/libCreationSplice-1.0.3-beta_s.a(CreationSplice.o):CreationSplice.cpp:(.text._ZN12CreationCore16DGCompiledObjectD0Ev[_ZN12CreationCore16DGCompiledObjectD5Ev]+0x1c): more undefined references to `FEC_RefRelease' follow
lib/libCreationSplice-1.0.3-beta_s.a(Node.o): In function `CreationSpliceImpl::Node::isLicenseValid(std::string*)':
Node.cpp:(.text+0x2bc): undefined reference to `FEC_ClientIsLicenseValid'
lib/libCreationSplice-1.0.3-beta_s.a(Node.o): In function `CreationSpliceImpl::Node::setLicenseServer(std::string const&, std::string*)':
Node.cpp:(.text+0x342): undefined reference to `FEC_ClientSetLicenseServer'
lib/libCreationSplice-1.0.3-beta_s.a(Node.o): In function `CreationSpliceImpl::Node::setStandaloneLicense(std::string const&, std::string*)':
Node.cpp:(.text+0x3d2): undefined reference to `FEC_ClientSetStandaloneLicense'
lib/libCreationSplice-1.0.3-beta_s.a(Node.o): In function `CreationSpliceImpl::Node::getDGNode(std::string const&)':
Node.cpp:(.text+0xa4c): undefined reference to `FEC_RefRetain'
lib/libCreationSplice-1.0.3-beta_s.a(Node.o): In function `CreationSpliceImpl::Node::hasMember(std::string const&, std::string const&)':
Node.cpp:(.text+0xaf9): undefined reference to `FEC_VariantInitWithDGContainerGetMembers'
Node.cpp:(.text+0xb0d): undefined reference to `FEC_VariantInitTake'
Node.cpp:(.text+0xb1c): undefined reference to `FEC_VariantDictIterInit'
Node.cpp:(.text+0xb38): undefined reference to `FEC_VariantDictIterNext'
Node.cpp:(.text+0xb42): undefined reference to `FEC_VariantDictIterIsDone'
Node.cpp:(.text+0xb54): undefined reference to `FEC_VariantDictIterGetKey'
Node.cpp:(.text+0xb5c): undefined reference to `FEC_VariantGetStringData'
Node.cpp:(.text+0xb9d): undefined reference to `FEC_VariantDictIterDispose'
Node.cpp:(.text+0xbac): undefined reference to `FEC_VariantDispose'
Node.cpp:(.text+0xbce): undefined reference to `FEC_RefRelease'
Node.cpp:(.text+0xbe1): undefined reference to `FEC_VariantDictIterDispose'
Node.cpp:(.text+0xc0a): undefined reference to `FEC_VariantDispose'
Node.cpp:(.text+0xc19): undefined reference to `FEC_VariantDictIterDispose'
lib/libCreationSplice-1.0.3-beta_s.a(Node.o): In function `CreationSpliceImpl::Node::getMemberDataType(std::string const&, std::string const&)':
Node.cpp:(.text+0xc8a): undefined reference to `FEC_VariantInitWithDGContainerGetMembers'
Node.cpp:(.text+0xc9e): undefined reference to `FEC_VariantInitTake'
Node.cpp:(.text+0xcad): undefined reference to `FEC_VariantDictIterInit'
Node.cpp:(.text+0xcc8): undefined reference to `FEC_VariantDictIterNext'
Node.cpp:(.text+0xcd2): undefined reference to `FEC_VariantDictIterIsDone'
Node.cpp:(.text+0xce4): undefined reference to `FEC_VariantDictIterGetKey'
Node.cpp:(.text+0xcec): undefined reference to `FEC_VariantGetStringData'
Node.cpp:(.text+0xd23): undefined reference to `FEC_VariantDictIterGetValue'
Node.cpp:(.text+0xd32): undefined reference to `FEC_VariantGetDictKeyValue_cstr'
Node.cpp:(.text+0xd3a): undefined reference to `FEC_VariantGetStringData'
Node.cpp:(.text+0xd5e): undefined reference to `FEC_VariantDictIterDispose'
Node.cpp:(.text+0xd68): undefined reference to `FEC_VariantDispose'
Node.cpp:(.text+0xd86): undefined reference to `FEC_RefRelease'
Node.cpp:(.text+0xdb1): undefined reference to `FEC_VariantDictIterDispose'
Node.cpp:(.text+0xdbb): undefined reference to `FEC_VariantDispose'
Node.cpp:(.text+0xdd9): undefined reference to `FEC_RefRelease'
Node.cpp:(.text+0xe14): undefined reference to `FEC_VariantDictIterDispose'
Node.cpp:(.text+0xe1e): undefined reference to `FEC_VariantDispose'
lib/libCreationSplice-1.0.3-beta_s.a(Node.o): In function `CreationSpliceImpl::Node::checkErrorVariant(CreationCore::Variant const*, std::string*)':
Node.cpp:(.text+0xf1a): undefined reference to `FEC_VariantIsNull'
Node.cpp:(.text+0xf4c): undefined reference to `FEC_VariantIsString'
Node.cpp:(.text+0xf58): undefined reference to `FEC_VariantIsArray'
Node.cpp:(.text+0xf76): undefined reference to `FEC_VariantGetArrayElement'
Node.cpp:(.text+0xf92): undefined reference to `FEC_VariantGetArraySize'
Node.cpp:(.text+0xfa1): undefined reference to `FEC_VariantGetStringData'
Node.cpp:(.text+0xfdb): undefined reference to `FEC_VariantGetDictKeyValue_cstr'
Node.cpp:(.text+0xfed): undefined reference to `FEC_VariantGetDictKeyValue_cstr'
Node.cpp:(.text+0xfff): undefined reference to `FEC_VariantGetDictKeyValue_cstr'
Node.cpp:(.text+0x1011): undefined reference to `FEC_VariantGetDictKeyValue_cstr'
Node.cpp:(.text+0x1023): undefined reference to `FEC_VariantGetDictKeyValue_cstr'
Node.cpp:(.text+0x102b): undefined reference to `FEC_VariantGetStringData'
Node.cpp:(.text+0x1045): undefined reference to `FEC_VariantGetStringData'
Node.cpp:(.text+0x105f): undefined reference to `FEC_VariantGetStringData'
Node.cpp:(.text+0x1079): undefined reference to `FEC_VariantGetUInt32'
Node.cpp:(.text+0x1083): undefined reference to `FEC_VariantGetUInt32'
lib/libCreationSplice-1.0.3-beta_s.a(Node.o): In function `CreationSpliceImpl::Node::checkErrors(std::string*)':
Node.cpp:(.text+0x1169): undefined reference to `FEC_DGCompiledObjectPrepareForExecution'
Node.cpp:(.text+0x1177): undefined reference to `FEC_DGCompiledObjectGetErrors_Variant'
Node.cpp:(.text+0x119f): undefined reference to `FEC_VariantInitTake'
Node.cpp:(.text+0x11c4): undefined reference to `FEC_DGCompiledObjectPrepareForExecution'
Node.cpp:(.text+0x11d7): undefined reference to `FEC_VariantInitWithDGOperatorGetDiagnostics'
Node.cpp:(.text+0x11eb): undefined reference to `FEC_VariantInitTake'
Node.cpp:(.text+0x11fa): undefined reference to `FEC_VariantSetCopy'
Node.cpp:(.text+0x1204): undefined reference to `FEC_VariantDispose'
Node.cpp:(.text+0x1221): undefined reference to `FEC_VariantDispose'
Node.cpp:(.text+0x129a): undefined reference to `FEC_DGCompiledObjectPrepareForExecution'
Node.cpp:(.text+0x12ad): undefined reference to `FEC_DGCompiledObjectGetErrors_Variant'
Node.cpp:(.text+0x12d5): undefined reference to `FEC_VariantInitTake'
Node.cpp:(.text+0x1304): undefined reference to `FEC_DGNodeGetBindingList'
Node.cpp:(.text+0x1326): undefined reference to `FEC_DGBindingListGetBinding'
Node.cpp:(.text+0x133b): undefined reference to `FEC_DGCompiledObjectPrepareForExecution'
Node.cpp:(.text+0x1348): undefined reference to `FEC_DGCompiledObjectGetErrors_Variant'
Node.cpp:(.text+0x1370): undefined reference to `FEC_VariantInitTake'
Node.cpp:(.text+0x137f): undefined reference to `FEC_VariantSetCopy'
Node.cpp:(.text+0x1389): undefined reference to `FEC_VariantDispose'
Node.cpp:(.text+0x13a9): undefined reference to `FEC_RefRelease'
Node.cpp:(.text+0x13b4): undefined reference to `FEC_DGBindingListGetLength'
Node.cpp:(.text+0x13c9): undefined reference to `FEC_RefRelease'
Node.cpp:(.text+0x13d3): undefined reference to `FEC_VariantDispose'
Node.cpp:(.text+0x145a): undefined reference to `FEC_VariantDispose'
Node.cpp:(.text+0x1464): undefined reference to `FEC_VariantDispose'
Node.cpp:(.text+0x1483): undefined reference to `FEC_VariantDispose'
Node.cpp:(.text+0x1490): undefined reference to `FEC_RefRelease'
Node.cpp:(.text+0x14a0): undefined reference to `FEC_RefRelease'
Node.cpp:(.text+0x14aa): undefined reference to `FEC_VariantDispose'
lib/libCreationSplice-1.0.3-beta_s.a(Node.o): In function `CreationSpliceImpl::Node::evaluate(CreationCore::DGNode, std::string*)':
Node.cpp:(.text+0x154a): undefined reference to `FEC_RefIsNull'
Node.cpp:(.text+0x159c): undefined reference to `FEC_DGNodeEvaluate'
Node.cpp:(.text+0x15ff): undefined reference to `FEC_VariantGetString_cstr'
Node.cpp:(.text+0x1634): undefined reference to `FEC_VariantDispose'
Node.cpp:(.text+0x164b): undefined reference to `FEC_VariantDispose'
lib/libCreationSplice-1.0.3-beta_s.a(Node.o): In function `CreationSpliceImpl::Node::getPortInfo(CreationCore::Variant&)':
Node.cpp:(.text+0x1a2d): undefined reference to `FEC_VariantInitArrayEmpty'
Node.cpp:(.text+0x1a3f): undefined reference to `FEC_VariantInitTake'
Node.cpp:(.text+0x1a4c): undefined reference to `FEC_VariantSetCopy'
Node.cpp:(.text+0x1a56): undefined reference to `FEC_VariantDispose'
Node.cpp:(.text+0x1a88): undefined reference to `FEC_VariantInitStringCopy_cstr'
Node.cpp:(.text+0x1a9d): undefined reference to `FEC_VariantInitTake'
Node.cpp:(.text+0x1ab1): undefined reference to `FEC_VariantInitStringCopy_cstr'
Node.cpp:(.text+0x1acb): undefined reference to `FEC_VariantSetDictKeyTakeValueCopy'
Node.cpp:(.text+0x1ad8): undefined reference to `FEC_VariantDispose'
Node.cpp:(.text+0x1ae5): undefined reference to `FEC_VariantArrayAppendCopy'
Node.cpp:(.text+0x1af9): undefined reference to `FEC_VariantDispose'
Node.cpp:(.text+0x1b1a): undefined reference to `FEC_VariantInitDictEmpty'
Node.cpp:(.text+0x1b2c): undefined reference to `FEC_VariantInitTake'
Node.cpp:(.text+0x1b52): undefined reference to `FEC_VariantInitStringCopy_cstr'
Node.cpp:(.text+0x1b64): undefined reference to `FEC_VariantInitTake'
Node.cpp:(.text+0x1b78): undefined reference to `FEC_VariantInitStringCopy_cstr'
Node.cpp:(.text+0x1b8f): undefined reference to `FEC_VariantSetDictKeyTakeValueCopy'
Node.cpp:(.text+0x1b99): undefined reference to `FEC_VariantDispose'
Node.cpp:(.text+0x1bce): undefined reference to `FEC_VariantInitStringCopy_cstr'
Node.cpp:(.text+0x1be3): undefined reference to `FEC_VariantInitTake'
Node.cpp:(.text+0x1bf7): undefined reference to `FEC_VariantInitStringCopy_cstr'
Node.cpp:(.text+0x1c11): undefined reference to `FEC_VariantSetDictKeyTakeValueCopy'
Node.cpp:(.text+0x1c1e): undefined reference to `FEC_VariantDispose'
Node.cpp:(.text+0x1c55): undefined reference to `FEC_VariantInitStringCopy_cstr'
Node.cpp:(.text+0x1c6a): undefined reference to `FEC_VariantInitTake'
Node.cpp:(.text+0x1c7e): undefined reference to `FEC_VariantInitStringCopy_cstr'
Node.cpp:(.text+0x1c98): undefined reference to `FEC_VariantSetDictKeyTakeValueCopy'
Node.cpp:(.text+0x1ca5): undefined reference to `FEC_VariantDispose'
Node.cpp:(.text+0x1d05): undefined reference to `FEC_VariantInitStringCopy_cstr'
Node.cpp:(.text+0x1d1a): undefined reference to `FEC_VariantInitTake'
Node.cpp:(.text+0x1d2e): undefined reference to `FEC_VariantInitStringCopy_cstr'
Node.cpp:(.text+0x1d48): undefined reference to `FEC_VariantSetDictKeyTakeValueCopy'
Node.cpp:(.text+0x1d55): undefined reference to `FEC_VariantDispose'
Node.cpp:(.text+0x1d82): undefined reference to `FEC_VariantInitStringCopy_cstr'
Node.cpp:(.text+0x1d97): undefined reference to `FEC_VariantInitTake'
Node.cpp:(.text+0x1dab): undefined reference to `FEC_VariantInitStringCopy_cstr'
Node.cpp:(.text+0x1dc5): undefined reference to `FEC_VariantSetDictKeyTakeValueCopy'
Node.cpp:(.text+0x1dd2): undefined reference to `FEC_VariantDispose'
Node.cpp:(.text+0x1e0d): undefined reference to `FEC_VariantInitStringCopy_cstr'
Node.cpp:(.text+0x1e22): undefined reference to `FEC_VariantInitTake'
Node.cpp:(.text+0x1e36): undefined reference to `FEC_VariantInitStringCopy_cstr'
Node.cpp:(.text+0x1e50): undefined reference to `FEC_VariantSetDictKeyTakeValueCopy'
Node.cpp:(.text+0x1e5d): undefined reference to `FEC_VariantDispose'
Node.cpp:(.text+0x1e80): undefined reference to `FEC_VariantInitStringCopy_cstr'
Node.cpp:(.text+0x1e95): undefined reference to `FEC_VariantInitTake'
Node.cpp:(.text+0x1ea9): undefined reference to `FEC_VariantInitStringCopy_cstr'
Node.cpp:(.text+0x1ec3): undefined reference to `FEC_VariantSetDictKeyTakeValueCopy'
Node.cpp:(.text+0x1ed0): undefined reference to `FEC_VariantDispose'
Node.cpp:(.text+0x1f0d): undefined reference to `FEC_VariantDispose'
Node.cpp:(.text+0x1f22): undefined reference to `FEC_VariantDispose'
Node.cpp:(.text+0x1f3f): undefined reference to `FEC_VariantDispose'
Node.cpp:(.text+0x1f5b): undefined reference to `FEC_VariantDispose'
lib/libCreationSplice-1.0.3-beta_s.a(Node.o):Node.cpp:(.text+0x1f6d): more undefined references to `FEC_VariantDispose' follow
lib/libCreationSplice-1.0.3-beta_s.a(Node.o): In function `CreationSpliceImpl::Node::getKLOperatorSourceCode(std::string const&, std::string*)':
Node.cpp:(.text+0x2157): undefined reference to `FEC_RefRetain'
Node.cpp:(.text+0x2178): undefined reference to `FEC_DGOperatorGetSourceCode_cstr'
Node.cpp:(.text+0x21ac): undefined reference to `FEC_RefRelease'
lib/libCreationSplice-1.0.3-beta_s.a(Node.o): In function `CreationSpliceImpl::Node::evaluate(std::string const&, std::string*)':
Node.cpp:(.text+0x221a): undefined reference to `FEC_RefIsNull'
Node.cpp:(.text+0x229c): undefined reference to `FEC_RefRelease'
Node.cpp:(.text+0x22d0): undefined reference to `FEC_RefRetain'
Node.cpp:(.text+0x230a): undefined reference to `FEC_RefRelease'
lib/libCreationSplice-1.0.3-beta_s.a(Node.o): In function `CreationSpliceImpl::Node::removeKLOperator(std::string const&, std::string const&, std::string*)':
Node.cpp:(.text+0x2a44): undefined reference to `FEC_RefIsNull'
Node.cpp:(.text+0x2ad0): undefined reference to `FEC_RefRelease'
Node.cpp:(.text+0x2b00): undefined reference to `FEC_DGNodeGetBindingList'
Node.cpp:(.text+0x2b45): undefined reference to `FEC_DGBindingListGetLength'
Node.cpp:(.text+0x2b70): undefined reference to `FEC_DGBindingListGetBinding'
Node.cpp:(.text+0x2ba1): undefined reference to `FEC_DGBindingGetOperator'
Node.cpp:(.text+0x2bdc): undefined reference to `FEC_DGNamedObjectGetName'
Node.cpp:(.text+0x2bff): undefined reference to `FEC_DGBindingListRemove'
Node.cpp:(.text+0x2c1e): undefined reference to `FEC_RefRelease'
Node.cpp:(.text+0x2c3b): undefined reference to `FEC_RefRelease'
Node.cpp:(.text+0x2c7b): undefined reference to `FEC_RefRelease'
lib/libCreationSplice-1.0.3-beta_s.a(Node.o): In function `CreationSpliceImpl::Node::loadExtension(std::string const&, std::string*)':
Node.cpp:(.text+0x2dc1): undefined reference to `FEC_ClientLoadExtension'
Node.cpp:(.text+0x2f7e): undefined reference to `FEC_VariantGetString_cstr'
Node.cpp:(.text+0x2fb3): undefined reference to `FEC_VariantDispose'
Node.cpp:(.text+0x2ff9): undefined reference to `FEC_VariantDispose'
lib/libCreationSplice-1.0.3-beta_s.a(Node.o): In function `CreationSpliceImpl::Node::getKLOperatorNames(std::string const&, std::string*)':
Node.cpp:(.text+0x37af): undefined reference to `FEC_RefIsNull'
Node.cpp:(.text+0x382f): undefined reference to `FEC_RefRelease'
Node.cpp:(.text+0x3856): undefined reference to `FEC_DGNodeGetBindingList'
Node.cpp:(.text+0x38c8): undefined reference to `FEC_RefRelease'
Node.cpp:(.text+0x38e5): undefined reference to `FEC_RefRelease'
Node.cpp:(.text+0x38fc): undefined reference to `FEC_DGBindingListGetLength'
Node.cpp:(.text+0x3912): undefined reference to `FEC_DGBindingListGetBinding'
Node.cpp:(.text+0x3943): undefined reference to `FEC_DGBindingGetOperator'
Node.cpp:(.text+0x397e): undefined reference to `FEC_DGNamedObjectGetName'
Node.cpp:(.text+0x39ec): undefined reference to `FEC_RefRelease'
lib/libCreationSplice-1.0.3-beta_s.a(Node.o): In function `CreationSpliceImpl::Node::disconnectPort(std::string const&, std::string*)':
Node.cpp:(.text+0x42cf): undefined reference to `FEC_RefRetain'
Node.cpp:(.text+0x448b): undefined reference to `FEC_DGNamedObjectGetName'
Node.cpp:(.text+0x4559): undefined reference to `FEC_DGNodeGetBindingList'
Node.cpp:(.text+0x45a1): undefined reference to `FEC_DGBindingListGetLength'
Node.cpp:(.text+0x45ba): undefined reference to `FEC_DGBindingListGetBinding'
Node.cpp:(.text+0x45fb): undefined reference to `FEC_DGBindingGetParameterLayout_Variant'
Node.cpp:(.text+0x462f): undefined reference to `FEC_VariantInitTake'
Node.cpp:(.text+0x46af): undefined reference to `FEC_VariantGetArraySize'
Node.cpp:(.text+0x46c6): undefined reference to `FEC_VariantGetArrayElement'
Node.cpp:(.text+0x46ce): undefined reference to `FEC_VariantGetStringData'
Node.cpp:(.text+0x4904): undefined reference to `FEC_VariantDispose'
Node.cpp:(.text+0x4922): undefined reference to `FEC_RefRelease'
Node.cpp:(.text+0x4992): undefined reference to `FEC_DGBindingGetOperator'
Node.cpp:(.text+0x49de): undefined reference to `FEC_DGBindingListRemove'
Node.cpp:(.text+0x4a0f): undefined reference to `FEC_DGBindingCreate'
Node.cpp:(.text+0x4a4e): undefined reference to `FEC_RefRelease'
Node.cpp:(.text+0x4a63): undefined reference to `FEC_RefRetain'
Node.cpp:(.text+0x4a81): undefined reference to `FEC_RefRelease'
Node.cpp:(.text+0x4a9a): undefined reference to `FEC_DGBindingListGetLength'
Node.cpp:(.text+0x4ab4): undefined reference to `FEC_DGBindingListAppend'
Node.cpp:(.text+0x4adc): undefined reference to `FEC_RefRelease'
Node.cpp:(.text+0x4b1e): undefined reference to `FEC_DGBindingListInsert'
Node.cpp:(.text+0x4efe): undefined reference to `FEC_RefRelease'
Node.cpp:(.text+0x4f35): undefined reference to `FEC_RefRelease'
Node.cpp:(.text+0x4f5f): undefined reference to `FEC_RefRelease'
Node.cpp:(.text+0x525f): undefined reference to `FEC_DGNamedObjectGetName'
Node.cpp:(.text+0x5299): undefined reference to `FEC_DGNodeRemoveDependency'
Node.cpp:(.text+0x5559): undefined reference to `FEC_VariantDispose'
lib/libCreationSplice-1.0.3-beta_s.a(Node.o): In function `CreationSpliceImpl::Node::removeMember(std::string const&, std::string const&, std::string*)':
Node.cpp:(.text+0x5a48): undefined reference to `FEC_RefIsNull'
Node.cpp:(.text+0x5ac9): undefined reference to `FEC_RefRelease'
Node.cpp:(.text+0x5b18): undefined reference to `FEC_VariantInitWithDGContainerGetMembers'
Node.cpp:(.text+0x5b32): undefined reference to `FEC_VariantInitTake'
Node.cpp:(.text+0x5b47): undefined reference to `FEC_VariantDictIterInit'
Node.cpp:(.text+0x5b63): undefined reference to `FEC_VariantDictIterNext'
Node.cpp:(.text+0x5b70): undefined reference to `FEC_VariantDictIterIsDone'
Node.cpp:(.text+0x5b85): undefined reference to `FEC_VariantDictIterGetKey'
Node.cpp:(.text+0x5b8d): undefined reference to `FEC_VariantGetStringData'
Node.cpp:(.text+0x5bda): undefined reference to `FEC_VariantDictIterDispose'
Node.cpp:(.text+0x5c95): undefined reference to `FEC_VariantDispose'
Node.cpp:(.text+0x5cda): undefined reference to `FEC_DGNamedObjectGetName'
Node.cpp:(.text+0x5e35): undefined reference to `FEC_DGContainerRemoveMember'
Node.cpp:(.text+0x5f2b): undefined reference to `FEC_VariantDispose'
Node.cpp:(.text+0x5f7e): undefined reference to `FEC_VariantDictIterDispose'
Node.cpp:(.text+0x6037): undefined reference to `FEC_VariantGetString_cstr'
Node.cpp:(.text+0x607c): undefined reference to `FEC_VariantDispose'
Node.cpp:(.text+0x60bb): undefined reference to `FEC_VariantDispose'
lib/libCreationSplice-1.0.3-beta_s.a(Node.o): In function `CreationSpliceImpl::Node::removeDGNode(std::string const&, std::string*)':
Node.cpp:(.text+0x61f1): undefined reference to `FEC_DGNamedObjectGetName'
Node.cpp:(.text+0x6343): undefined reference to `FEC_RefRetain'
Node.cpp:(.text+0x6394): undefined reference to `FEC_RefRelease'
Node.cpp:(.text+0x63c9): undefined reference to `FEC_DGNamedObjectDestroy'
Node.cpp:(.text+0x63d8): undefined reference to `FEC_RefRelease'
Node.cpp:(.text+0x6411): undefined reference to `FEC_RefRelease'
lib/libCreationSplice-1.0.3-beta_s.a(Node.o): In function `CreationSpliceImpl::Node::clear(std::string*)':
Node.cpp:(.text+0x66f6): undefined reference to `FEC_DGNamedObjectDestroy'
Node.cpp:(.text+0x6704): undefined reference to `FEC_RefRelease'
lib/libCreationSplice-1.0.3-beta_s.a(Node.o): In function `CreationSpliceImpl::Node::~Node()':
Node.cpp:(.text+0x695c): undefined reference to `FEC_RefRelease'
lib/libCreationSplice-1.0.3-beta_s.a(Node.o): In function `CreationSpliceImpl::Node::loadRT(std::string const&, std::string*)':
Node.cpp:(.text+0x741d): undefined reference to `FEC_RTGetRegisteredTypes_Variant'
Node.cpp:(.text+0x7451): undefined reference to `FEC_VariantInitTake'
Node.cpp:(.text+0x7466): undefined reference to `FEC_VariantGetDictKeyValue_cstr'
Node.cpp:(.text+0x747e): undefined reference to `FEC_VariantDispose'
Node.cpp:(.text+0x7fe5): undefined reference to `FEC_RTRegisterObject'
Node.cpp:(.text+0x8033): undefined reference to `FEC_RTGetRegisteredTypes_Variant'
Node.cpp:(.text+0x8067): undefined reference to `FEC_VariantInitTake'
Node.cpp:(.text+0x807c): undefined reference to `FEC_VariantGetDictKeyValue_cstr'
Node.cpp:(.text+0x8092): undefined reference to `FEC_VariantDispose'
Node.cpp:(.text+0x81c4): undefined reference to `FEC_VariantDispose'
Node.cpp:(.text+0x8376): undefined reference to `FEC_RTRegisterStruct'
Node.cpp:(.text+0x83da): undefined reference to `FEC_VariantGetString_cstr'
Node.cpp:(.text+0x841a): undefined reference to `FEC_VariantDispose'
Node.cpp:(.text+0x846b): undefined reference to `FEC_VariantDispose'
Node.cpp:(.text+0x861c): undefined reference to `FEC_VariantDispose'
Node.cpp:(.text+0x8631): undefined reference to `FEC_VariantDispose'
Node.cpp:(.text+0x869c): undefined reference to `FEC_VariantGetString_cstr'
Node.cpp:(.text+0x86dc): undefined reference to `FEC_VariantDispose'
Node.cpp:(.text+0x86f1): undefined reference to `FEC_RTRegisterStruct'
Node.cpp:(.text+0x871e): undefined reference to `FEC_VariantDispose'
lib/libCreationSplice-1.0.3-beta_s.a(Node.o): In function `CreationSpliceImpl::Node::addMember(std::string const&, std::string const&, CreationCore::Variant, std::string const&, std::string*)':
Node.cpp:(.text+0x901f): undefined reference to `FEC_RefIsNull'
Node.cpp:(.text+0x90a1): undefined reference to `FEC_RefRelease'
Node.cpp:(.text+0x90e6): undefined reference to `FEC_VariantInitWithDGContainerGetMembers'
Node.cpp:(.text+0x9100): undefined reference to `FEC_VariantInitTake'
Node.cpp:(.text+0x9115): undefined reference to `FEC_VariantDictIterInit'
Node.cpp:(.text+0x9133): undefined reference to `FEC_VariantDictIterNext'
Node.cpp:(.text+0x9140): undefined reference to `FEC_VariantDictIterIsDone'
Node.cpp:(.text+0x9155): undefined reference to `FEC_VariantDictIterGetKey'
Node.cpp:(.text+0x915d): undefined reference to `FEC_VariantGetStringData'
Node.cpp:(.text+0x9248): undefined reference to `FEC_VariantDictIterDispose'
Node.cpp:(.text+0x9255): undefined reference to `FEC_VariantDispose'
Node.cpp:(.text+0x9261): undefined reference to `FEC_VariantDictIterDispose'
Node.cpp:(.text+0x9293): undefined reference to `FEC_DGContainerAddMember_Variant'
Node.cpp:(.text+0x92cc): undefined reference to `FEC_VariantDispose'
Node.cpp:(.text+0x931d): undefined reference to `FEC_VariantGetString_cstr'
Node.cpp:(.text+0x9355): undefined reference to `FEC_VariantDispose'
Node.cpp:(.text+0x936f): undefined reference to `FEC_VariantDictIterDispose'
Node.cpp:(.text+0x93c1): undefined reference to `FEC_VariantDispose'
lib/libCreationSplice-1.0.3-beta_s.a(Node.o): In function `CreationSpliceImpl::Node::setKLOperatorSourceCode(std::string const&, std::string const&, std::string*)':
Node.cpp:(.text+0x95d4): undefined reference to `FEC_RefRetain'
Node.cpp:(.text+0x9bab): undefined reference to `FEC_DGNodeGetBindingList'
Node.cpp:(.text+0x9bdd): undefined reference to `FEC_DGBindingListGetLength'
Node.cpp:(.text+0x9bef): undefined reference to `FEC_DGBindingListGetBinding'
Node.cpp:(.text+0x9c04): undefined reference to `FEC_DGBindingGetOperator'
Node.cpp:(.text+0x9c4f): undefined reference to `FEC_DGNamedObjectGetName'
Node.cpp:(.text+0x9c8a): undefined reference to `FEC_RefRelease'
Node.cpp:(.text+0x9ca3): undefined reference to `FEC_RefRelease'
Node.cpp:(.text+0x9cae): undefined reference to `FEC_DGBindingListGetLength'
Node.cpp:(.text+0x9f57): undefined reference to `FEC_RefRelease'
Node.cpp:(.text+0xa121): undefined reference to `FEC_RefRelease'
Node.cpp:(.text+0xa273): undefined reference to `FEC_VariantInitWithDGContainerGetMembers'
Node.cpp:(.text+0xa28d): undefined reference to `FEC_VariantInitTake'
Node.cpp:(.text+0xa37d): undefined reference to `FEC_VariantGetDictKeyValue_cstr'
Node.cpp:(.text+0xa395): undefined reference to `FEC_VariantGetDictKeyValue_cstr'
Node.cpp:(.text+0xa39d): undefined reference to `FEC_VariantGetStringData'
Node.cpp:(.text+0xa3ee): undefined reference to `FEC_DGNamedObjectGetName'
Node.cpp:(.text+0xa631): undefined reference to `FEC_VariantDispose'
Node.cpp:(.text+0xa656): undefined reference to `FEC_RefRelease'
Node.cpp:(.text+0xa66f): undefined reference to `FEC_RefRelease'
Node.cpp:(.text+0xa67c): undefined reference to `FEC_RefRelease'
Node.cpp:(.text+0xa7a3): undefined reference to `FEC_VariantDispose'
Node.cpp:(.text+0xa7c8): undefined reference to `FEC_RefRelease'
Node.cpp:(.text+0xa7e1): undefined reference to `FEC_RefRelease'
Node.cpp:(.text+0xa7f2): undefined reference to `FEC_RefRelease'
Node.cpp:(.text+0xa812): undefined reference to `FEC_DGNamedObjectGetName'
Node.cpp:(.text+0xaa5e): undefined reference to `FEC_VariantDispose'
Node.cpp:(.text+0xaa83): undefined reference to `FEC_RefRelease'
Node.cpp:(.text+0xaa9c): undefined reference to `FEC_RefRelease'
Node.cpp:(.text+0xaaa9): undefined reference to `FEC_RefRelease'
Node.cpp:(.text+0xaf0c): undefined reference to `FEC_DGNodeGetBindingList'
Node.cpp:(.text+0xaf90): undefined reference to `FEC_RefRelease'
Node.cpp:(.text+0xafa9): undefined reference to `FEC_RefRelease'
Node.cpp:(.text+0xafbb): undefined reference to `FEC_DGBindingListGetLength'
Node.cpp:(.text+0xafd4): undefined reference to `FEC_DGBindingListGetBinding'
Node.cpp:(.text+0xafe9): undefined reference to `FEC_DGBindingGetOperator'
Node.cpp:(.text+0xb033): undefined reference to `FEC_DGNamedObjectGetName'
Node.cpp:(.text+0xb0a8): undefined reference to `FEC_RefRelease'
Node.cpp:(.text+0xb0c1): undefined reference to `FEC_RefRelease'
Node.cpp:(.text+0xb0e5): undefined reference to `FEC_RefRelease'
Node.cpp:(.text+0xb3b6): undefined reference to `FEC_DGBindingListGetBinding'
Node.cpp:(.text+0xb426): undefined reference to `FEC_DGOperatorSetSourceCode'
Node.cpp:(.text+0xb449): undefined reference to `FEC_DGOperatorGetFilename_cstr'
Node.cpp:(.text+0xb48f): undefined reference to `FEC_DGBindingCreate'
Node.cpp:(.text+0xb4a4): undefined reference to `FEC_RefRelease'
Node.cpp:(.text+0xb4b1): undefined reference to `FEC_RefRetain'
Node.cpp:(.text+0xb4b9): undefined reference to `FEC_RefRelease'
Node.cpp:(.text+0xb4df): undefined reference to `FEC_DGBindingListInsert'
Node.cpp:(.text+0xb4fc): undefined reference to `FEC_DGBindingListRemove'
Node.cpp:(.text+0xb533): undefined reference to `FEC_RefRelease'
Node.cpp:(.text+0xb5b3): undefined reference to `FEC_RefRelease'
Node.cpp:(.text+0xb7a5): undefined reference to `FEC_DGOperatorSetFilename'
Node.cpp:(.text+0xb7da): undefined reference to `FEC_RefRelease'
Node.cpp:(.text+0xb834): undefined reference to `FEC_VariantInitCopy'
Node.cpp:(.text+0xb856): undefined reference to `FEC_DGBindingListRemove'
Node.cpp:(.text+0xb86d): undefined reference to `FEC_VariantGetString_cstr'
Node.cpp:(.text+0xb8ae): undefined reference to `FEC_VariantDispose'
Node.cpp:(.text+0xb8c3): undefined reference to `FEC_RefRelease'
Node.cpp:(.text+0xb91d): undefined reference to `FEC_RefRelease'
Node.cpp:(.text+0xb989): undefined reference to `FEC_VariantDispose'
Node.cpp:(.text+0xb9ed): undefined reference to `FEC_VariantInitCopy'
Node.cpp:(.text+0xba07): undefined reference to `FEC_VariantGetString_cstr'
Node.cpp:(.text+0xba48): undefined reference to `FEC_VariantDispose'
Node.cpp:(.text+0xba65): undefined reference to `FEC_RefRelease'
Node.cpp:(.text+0xbaa6): undefined reference to `FEC_VariantDispose'
lib/libCreationSplice-1.0.3-beta_s.a(Node.o): In function `CreationSpliceImpl::Node::addPort(boost::shared_ptr<CreationSpliceImpl::Node>, std::string const&, std::string const&, CreationSpliceImpl::Port::Mode, std::string const&, std::string*)':
Node.cpp:(.text+0xc21e): undefined reference to `FEC_RefIsNull'
Node.cpp:(.text+0xc2bf): undefined reference to `FEC_RefRelease'
Node.cpp:(.text+0xc45b): undefined reference to `FEC_RTGetRTSize'
Node.cpp:(.text+0xc47f): undefined reference to `FEC_RTGetRTIsShallow'
Node.cpp:(.text+0xc4e5): undefined reference to `FEC_RefRetain'
lib/libCreationSplice-1.0.3-beta_s.a(Node.o): In function `CreationSpliceImpl::Node::constructKLOperator(std::string const&, std::string const&, std::string const&, std::string*)':
Node.cpp:(.text+0xca4e): undefined reference to `FEC_RefIsNull'
Node.cpp:(.text+0xcae6): undefined reference to `FEC_RefRelease'
Node.cpp:(.text+0xcc25): undefined reference to `FEC_DGOperatorCreate'
Node.cpp:(.text+0xcc74): undefined reference to `FEC_RefRelease'
Node.cpp:(.text+0xcc8b): undefined reference to `FEC_RefRetain'
Node.cpp:(.text+0xcca9): undefined reference to `FEC_RefRelease'
Node.cpp:(.text+0xccec): undefined reference to `FEC_RefRetain'
Node.cpp:(.text+0xcd28): undefined reference to `FEC_RefRetain'
Node.cpp:(.text+0xcd7b): undefined reference to `FEC_RefRelease'
Node.cpp:(.text+0xcda6): undefined reference to `FEC_RefRelease'
Node.cpp:(.text+0xcdd5): undefined reference to `FEC_DGBindingCreate'
Node.cpp:(.text+0xce24): undefined reference to `FEC_DGNodeAppendBinding'
Node.cpp:(.text+0xced2): undefined reference to `FEC_RefRelease'
Node.cpp:(.text+0xcef6): undefined reference to `FEC_RefRelease'
Node.cpp:(.text+0xcf58): undefined reference to `FEC_RefRetain'
Node.cpp:(.text+0xcff2): undefined reference to `FEC_VariantGetString_cstr'
Node.cpp:(.text+0xd031): undefined reference to `FEC_VariantDispose'
Node.cpp:(.text+0xd0f2): undefined reference to `FEC_VariantGetString_cstr'
Node.cpp:(.text+0xd131): undefined reference to `FEC_VariantDispose'
Node.cpp:(.text+0xd1a9): undefined reference to `FEC_VariantDispose'
Node.cpp:(.text+0xd20e): undefined reference to `FEC_VariantDispose'
lib/libCreationSplice-1.0.3-beta_s.a(Node.o): In function `CreationSpliceImpl::Node::setKLOperatorFilePath(std::string const&, std::string const&, std::string*)':
Node.cpp:(.text+0xd689): undefined reference to `FEC_RefRetain'
Node.cpp:(.text+0xd6bc): undefined reference to `FEC_DGOperatorSetFilename'
Node.cpp:(.text+0xd6df): undefined reference to `FEC_RefRelease'
lib/libCreationSplice-1.0.3-beta_s.a(Node.o): In function `CreationSpliceImpl::Node::connectPorts(std::string const&, boost::shared_ptr<CreationSpliceImpl::Node>, std::string const&, std::string*)':
Node.cpp:(.text+0xe0ca): undefined reference to `FEC_DGNodeGetBindingList'
Node.cpp:(.text+0xe114): undefined reference to `FEC_DGBindingListGetLength'
Node.cpp:(.text+0xe12b): undefined reference to `FEC_DGBindingListGetBinding'
Node.cpp:(.text+0xe174): undefined reference to `FEC_DGBindingGetParameterLayout_Variant'
Node.cpp:(.text+0xe1a8): undefined reference to `FEC_VariantInitTake'
Node.cpp:(.text+0xe1b9): undefined reference to `FEC_VariantGetArraySize'
Node.cpp:(.text+0xe1d0): undefined reference to `FEC_VariantGetArrayElement'
Node.cpp:(.text+0xe1d8): undefined reference to `FEC_VariantGetStringData'
Node.cpp:(.text+0xe39b): undefined reference to `FEC_VariantDispose'
Node.cpp:(.text+0xe3b5): undefined reference to `FEC_RefRelease'
Node.cpp:(.text+0xe3f0): undefined reference to `FEC_DGBindingGetOperator'
Node.cpp:(.text+0xe43e): undefined reference to `FEC_DGNamedObjectGetName'
Node.cpp:(.text+0xe47c): undefined reference to `FEC_RefRelease'
Node.cpp:(.text+0xe573): undefined reference to `FEC_VariantDispose'
Node.cpp:(.text+0xe591): undefined reference to `FEC_RefRelease'
Node.cpp:(.text+0xe5bb): undefined reference to `FEC_RefRelease'
Node.cpp:(.text+0xe5e5): undefined reference to `FEC_RefRelease'
Node.cpp:(.text+0xe60f): undefined reference to `FEC_RefRelease'
Node.cpp:(.text+0xe69e): undefined reference to `FEC_VariantDispose'
Node.cpp:(.text+0xe8fb): undefined reference to `FEC_DGNamedObjectGetName'
Node.cpp:(.text+0xeab9): undefined reference to `FEC_DGNamedObjectGetName'
Node.cpp:(.text+0xeb24): undefined reference to `FEC_DGNamedObjectGetName'
Node.cpp:(.text+0xeb7a): undefined reference to `FEC_DGBindingListGetLength'
Node.cpp:(.text+0xeb95): undefined reference to `FEC_DGBindingListGetBinding'
Node.cpp:(.text+0xebde): undefined reference to `FEC_DGBindingGetParameterLayout_Variant'
Node.cpp:(.text+0xec12): undefined reference to `FEC_VariantInitTake'
Node.cpp:(.text+0xec49): undefined reference to `FEC_VariantGetArraySize'
Node.cpp:(.text+0xec60): undefined reference to `FEC_VariantGetArrayElement'
Node.cpp:(.text+0xec68): undefined reference to `FEC_VariantGetStringData'
Node.cpp:(.text+0xf017): undefined reference to `FEC_DGBindingGetOperator'
Node.cpp:(.text+0xf064): undefined reference to `FEC_DGBindingListRemove'
Node.cpp:(.text+0xf096): undefined reference to `FEC_DGBindingCreate'
Node.cpp:(.text+0xf0dd): undefined reference to `FEC_RefRelease'
Node.cpp:(.text+0xf0f7): undefined reference to `FEC_RefRetain'
Node.cpp:(.text+0xf115): undefined reference to `FEC_RefRelease'
Node.cpp:(.text+0xf12e): undefined reference to `FEC_DGBindingListGetLength'
Node.cpp:(.text+0xf149): undefined reference to `FEC_DGBindingListAppend'
Node.cpp:(.text+0xf172): undefined reference to `FEC_RefRelease'
Node.cpp:(.text+0xf193): undefined reference to `FEC_VariantDispose'
Node.cpp:(.text+0xf1ad): undefined reference to `FEC_RefRelease'
Node.cpp:(.text+0xf1f3): undefined reference to `FEC_VariantDispose'
Node.cpp:(.text+0xf20c): undefined reference to `FEC_DGBindingListInsert'
Node.cpp:(.text+0xf284): undefined reference to `FEC_VariantDispose'
Node.cpp:(.text+0xf60e): undefined reference to `FEC_DGNamedObjectGetName'
Node.cpp:(.text+0xf63b): undefined reference to `FEC_DGNodeSetDependency'
Node.cpp:(.text+0xf65a): undefined reference to `FEC_DGNamedObjectGetName'
lib/libCreationSplice-1.0.3-beta_s.a(Node.o): In function `CreationSpliceImpl::Node::memberPersistance(std::string const&, std::string const&)':
Node.cpp:(.text+0xfaf3): undefined reference to `FEC_RTGetRTIsShallow'
lib/libCreationSplice-1.0.3-beta_s.a(Node.o): In function `CreationSpliceImpl::Node::getPersistenceData()':
Node.cpp:(.text+0xfb75): undefined reference to `FEC_VariantInitDictEmpty'
Node.cpp:(.text+0xfb8a): undefined reference to `FEC_VariantInitTake'
Node.cpp:(.text+0xfb9c): undefined reference to `FEC_VariantInitSInt32'
Node.cpp:(.text+0xfbb1): undefined reference to `FEC_VariantInitTake'
Node.cpp:(.text+0xfbc6): undefined reference to `FEC_VariantInitWithVariantJSONEncoding'
Node.cpp:(.text+0xfbdb): undefined reference to `FEC_VariantInitTake'
Node.cpp:(.text+0xfbef): undefined reference to `FEC_VariantInitStringCopy_cstr'
Node.cpp:(.text+0xfc0c): undefined reference to `FEC_VariantSetDictKeyTakeValueCopy'
Node.cpp:(.text+0xfc19): undefined reference to `FEC_VariantDispose'
Node.cpp:(.text+0xfc26): undefined reference to `FEC_VariantDispose'
Node.cpp:(.text+0xfc33): undefined reference to `FEC_VariantInitArrayEmpty'
Node.cpp:(.text+0xfc48): undefined reference to `FEC_VariantInitTake'
Node.cpp:(.text+0xfc71): undefined reference to `FEC_VariantInitDictEmpty'
Node.cpp:(.text+0xfc86): undefined reference to `FEC_VariantInitTake'
Node.cpp:(.text+0xfc97): undefined reference to `FEC_VariantInitStringCopy_cstr'
Node.cpp:(.text+0xfcac): undefined reference to `FEC_VariantInitTake'
Node.cpp:(.text+0xfcc0): undefined reference to `FEC_VariantInitStringCopy_cstr'
Node.cpp:(.text+0xfcdd): undefined reference to `FEC_VariantSetDictKeyTakeValueCopy'
Node.cpp:(.text+0xfcea): undefined reference to `FEC_VariantDispose'
Node.cpp:(.text+0xfcf7): undefined reference to `FEC_VariantInitArrayEmpty'
Node.cpp:(.text+0xfd0c): undefined reference to `FEC_VariantInitTake'
Node.cpp:(.text+0xfd2f): undefined reference to `FEC_RefRetain'
Node.cpp:(.text+0xfd5b): undefined reference to `FEC_VariantInitWithDGContainerGetMembers'
Node.cpp:(.text+0xfd75): undefined reference to `FEC_VariantInitTake'
Node.cpp:(.text+0xfd8a): undefined reference to `FEC_VariantDictIterInit'
Node.cpp:(.text+0xfda8): undefined reference to `FEC_VariantInitStringCopy_cstr'
Node.cpp:(.text+0xfdbd): undefined reference to `FEC_VariantInitTake'
Node.cpp:(.text+0xfdd1): undefined reference to `FEC_VariantInitStringCopy_cstr'
Node.cpp:(.text+0xfdee): undefined reference to `FEC_VariantSetDictKeyTakeValueCopy'
Node.cpp:(.text+0xfdfb): undefined reference to `FEC_VariantDispose'
Node.cpp:(.text+0xfe0f): undefined reference to `FEC_DGContainerGetSize'
Node.cpp:(.text+0xfe34): undefined reference to `FEC_VariantArrayAppendCopy'
Node.cpp:(.text+0xfe55): undefined reference to `FEC_VariantDispose'
Node.cpp:(.text+0xfe62): undefined reference to `FEC_VariantDictIterNext'
Node.cpp:(.text+0xfe6f): undefined reference to `FEC_VariantDictIterIsDone'
Node.cpp:(.text+0xfe84): undefined reference to `FEC_VariantInitDictEmpty'
Node.cpp:(.text+0xfe99): undefined reference to `FEC_VariantInitTake'
Node.cpp:(.text+0xfea6): undefined reference to `FEC_VariantDictIterGetKey'
Node.cpp:(.text+0xfeae): undefined reference to `FEC_VariantGetStringData'
Node.cpp:(.text+0xfecd): undefined reference to `FEC_VariantDictIterGetValue'
Node.cpp:(.text+0xfedc): undefined reference to `FEC_VariantGetDictKeyValue_cstr'
Node.cpp:(.text+0xfee4): undefined reference to `FEC_VariantGetStringData'
Node.cpp:(.text+0xff08): undefined reference to `FEC_VariantInitStringCopy_cstr'
Node.cpp:(.text+0xff1d): undefined reference to `FEC_VariantInitTake'
Node.cpp:(.text+0xff31): undefined reference to `FEC_VariantInitStringCopy_cstr'
Node.cpp:(.text+0xff4e): undefined reference to `FEC_VariantSetDictKeyTakeValueCopy'
Node.cpp:(.text+0xff5b): undefined reference to `FEC_VariantDispose'
Node.cpp:(.text+0xff6d): undefined reference to `FEC_VariantInitStringCopy_cstr'
Node.cpp:(.text+0xff82): undefined reference to `FEC_VariantInitTake'
Node.cpp:(.text+0xff96): undefined reference to `FEC_VariantInitStringCopy_cstr'
Node.cpp:(.text+0xffb3): undefined reference to `FEC_VariantSetDictKeyTakeValueCopy'
Node.cpp:(.text+0xffc0): undefined reference to `FEC_VariantDispose'
Node.cpp:(.text+0x1001d): undefined reference to `FEC_VariantInitWithDGContainerGetMemberDefaultData'
Node.cpp:(.text+0x10037): undefined reference to `FEC_VariantInitTake'
Node.cpp:(.text+0x1004c): undefined reference to `FEC_VariantInitWithVariantJSONEncoding'
Node.cpp:(.text+0x10061): undefined reference to `FEC_VariantInitTake'
Node.cpp:(.text+0x10075): undefined reference to `FEC_VariantInitStringCopy_cstr'
Node.cpp:(.text+0x10092): undefined reference to `FEC_VariantSetDictKeyTakeValueCopy'
Node.cpp:(.text+0x1009f): undefined reference to `FEC_VariantDispose'
Node.cpp:(.text+0x100ac): undefined reference to `FEC_VariantDispose'
Node.cpp:(.text+0x100e0): undefined reference to `FEC_VariantInitBoolean'
Node.cpp:(.text+0x100f5): undefined reference to `FEC_VariantInitTake'
Node.cpp:(.text+0x10109): undefined reference to `FEC_VariantInitStringCopy_cstr'
Node.cpp:(.text+0x10126): undefined reference to `FEC_VariantSetDictKeyTakeValueCopy'
Node.cpp:(.text+0x10133): undefined reference to `FEC_VariantDispose'
Node.cpp:(.text+0x10159): undefined reference to `FEC_VariantInitWithDGContainerGetMemberSlice'
Node.cpp:(.text+0x10173): undefined reference to `FEC_VariantInitTake'
Node.cpp:(.text+0x10188): undefined reference to `FEC_VariantInitWithVariantJSONEncoding'
Node.cpp:(.text+0x1019d): undefined reference to `FEC_VariantInitTake'
Node.cpp:(.text+0x101b1): undefined reference to `FEC_VariantInitStringCopy_cstr'
Node.cpp:(.text+0x101ce): undefined reference to `FEC_VariantSetDictKeyTakeValueCopy'
Node.cpp:(.text+0x101db): undefined reference to `FEC_VariantDispose'
Node.cpp:(.text+0x101e8): undefined reference to `FEC_VariantDispose'
Node.cpp:(.text+0x10201): undefined reference to `FEC_VariantDictIterDispose'
Node.cpp:(.text+0x10215): undefined reference to `FEC_VariantInitStringCopy_cstr'
Node.cpp:(.text+0x10232): undefined reference to `FEC_VariantSetDictKeyTakeValueCopy'
Node.cpp:(.text+0x1023f): undefined reference to `FEC_VariantInitArrayEmpty'
Node.cpp:(.text+0x10254): undefined reference to `FEC_VariantInitTake'
Node.cpp:(.text+0x10268): undefined reference to `FEC_DGNodeGetBindingList'
Node.cpp:(.text+0x102a9): undefined reference to `FEC_DGBindingListGetBinding'
Node.cpp:(.text+0x102de): undefined reference to `FEC_DGBindingGetOperator'
Node.cpp:(.text+0x1031b): undefined reference to `FEC_VariantInitDictEmpty'
Node.cpp:(.text+0x10335): undefined reference to `FEC_VariantInitTake'
Node.cpp:(.text+0x10347): undefined reference to `FEC_VariantInitDictEmpty'
Node.cpp:(.text+0x10361): undefined reference to `FEC_VariantInitTake'
Node.cpp:(.text+0x10378): undefined reference to `FEC_DGNamedObjectGetName'
Node.cpp:(.text+0x10390): undefined reference to `FEC_VariantInitStringCopy_cstr'
Node.cpp:(.text+0x103a5): undefined reference to `FEC_VariantInitTake'
Node.cpp:(.text+0x103b9): undefined reference to `FEC_VariantInitStringCopy_cstr'
Node.cpp:(.text+0x103d6): undefined reference to `FEC_VariantSetDictKeyTakeValueCopy'
Node.cpp:(.text+0x103e3): undefined reference to `FEC_VariantDispose'
Node.cpp:(.text+0x103f4): undefined reference to `FEC_DGOperatorGetFilename_cstr'
Node.cpp:(.text+0x1040c): undefined reference to `FEC_VariantInitStringCopy_cstr'
Node.cpp:(.text+0x10421): undefined reference to `FEC_VariantInitTake'
Node.cpp:(.text+0x10435): undefined reference to `FEC_VariantInitStringCopy_cstr'
Node.cpp:(.text+0x10452): undefined reference to `FEC_VariantSetDictKeyTakeValueCopy'
Node.cpp:(.text+0x1045f): undefined reference to `FEC_VariantDispose'
Node.cpp:(.text+0x10470): undefined reference to `FEC_DGOperatorGetSourceCode_cstr'
Node.cpp:(.text+0x10488): undefined reference to `FEC_VariantInitStringCopy_cstr'
Node.cpp:(.text+0x1049d): undefined reference to `FEC_VariantInitTake'
Node.cpp:(.text+0x104b1): undefined reference to `FEC_VariantInitStringCopy_cstr'
Node.cpp:(.text+0x104ce): undefined reference to `FEC_VariantSetDictKeyTakeValueCopy'
Node.cpp:(.text+0x104db): undefined reference to `FEC_VariantDispose'
Node.cpp:(.text+0x104ef): undefined reference to `FEC_VariantInitStringCopy_cstr'
Node.cpp:(.text+0x1050c): undefined reference to `FEC_VariantSetDictKeyTakeValueCopy'
Node.cpp:(.text+0x10521): undefined reference to `FEC_VariantArrayAppendCopy'
Node.cpp:(.text+0x1052e): undefined reference to `FEC_VariantDispose'
Node.cpp:(.text+0x1053b): undefined reference to `FEC_VariantDispose'
Node.cpp:(.text+0x10552): undefined reference to `FEC_RefRelease'
Node.cpp:(.text+0x10573): undefined reference to `FEC_RefRelease'
Node.cpp:(.text+0x1058a): undefined reference to `FEC_DGBindingListGetLength'
Node.cpp:(.text+0x105a7): undefined reference to `FEC_VariantInitStringCopy_cstr'
Node.cpp:(.text+0x105c4): undefined reference to `FEC_VariantSetDictKeyTakeValueCopy'
Node.cpp:(.text+0x105d9): undefined reference to `FEC_VariantArrayAppendCopy'
Node.cpp:(.text+0x105f1): undefined reference to `FEC_RefRelease'
Node.cpp:(.text+0x10607): undefined reference to `FEC_VariantDispose'
Node.cpp:(.text+0x10614): undefined reference to `FEC_VariantDispose'
Node.cpp:(.text+0x1062c): undefined reference to `FEC_RefRelease'
Node.cpp:(.text+0x10642): undefined reference to `FEC_VariantDispose'
Node.cpp:(.text+0x1064f): undefined reference to `FEC_VariantDispose'
Node.cpp:(.text+0x10678): undefined reference to `FEC_VariantInitStringCopy_cstr'
Node.cpp:(.text+0x10695): undefined reference to `FEC_VariantSetDictKeyTakeValueCopy'
Node.cpp:(.text+0x106a2): undefined reference to `FEC_VariantInitNull'
Node.cpp:(.text+0x106c6): undefined reference to `FEC_VariantInitStringCopy_cstr'
Node.cpp:(.text+0x106e3): undefined reference to `FEC_VariantSetDictKeyTakeValueCopy'
Node.cpp:(.text+0x106f8): undefined reference to `FEC_VariantInitWithVariantJSONEncoding'
Node.cpp:(.text+0x1070d): undefined reference to `FEC_VariantInitTake'
Node.cpp:(.text+0x1071a): undefined reference to `FEC_VariantGetStringData'
Node.cpp:(.text+0x10739): undefined reference to `FEC_VariantDispose'
Node.cpp:(.text+0x10746): undefined reference to `FEC_VariantDispose'
Node.cpp:(.text+0x10753): undefined reference to `FEC_VariantDispose'
Node.cpp:(.text+0x10760): undefined reference to `FEC_VariantDispose'
Node.cpp:(.text+0x1079a): undefined reference to `FEC_VariantDispose'
lib/libCreationSplice-1.0.3-beta_s.a(Node.o):Node.cpp:(.text+0x107b7): more undefined references to `FEC_VariantDispose' follow
lib/libCreationSplice-1.0.3-beta_s.a(Node.o): In function `CreationSpliceImpl::Node::getPersistenceData()':
Node.cpp:(.text+0x1090f): undefined reference to `FEC_VariantDictIterDispose'
Node.cpp:(.text+0x10929): undefined reference to `FEC_VariantDispose'
Node.cpp:(.text+0x1093b): undefined reference to `FEC_VariantDispose'
Node.cpp:(.text+0x10948): undefined reference to `FEC_VariantDispose'
Node.cpp:(.text+0x1095f): undefined reference to `FEC_VariantDispose'
Node.cpp:(.text+0x1098b): undefined reference to `FEC_VariantDispose'
lib/libCreationSplice-1.0.3-beta_s.a(Node.o):Node.cpp:(.text+0x109a0): more undefined references to `FEC_VariantDispose' follow
lib/libCreationSplice-1.0.3-beta_s.a(Node.o): In function `CreationSpliceImpl::Node::constructDGNode(std::string const&, std::string*)':
Node.cpp:(.text+0x1100b): undefined reference to `FEC_DGNodeCreate'
Node.cpp:(.text+0x11052): undefined reference to `FEC_RefRelease'
Node.cpp:(.text+0x11067): undefined reference to `FEC_RefRetain'
Node.cpp:(.text+0x11085): undefined reference to `FEC_RefRelease'
Node.cpp:(.text+0x11162): undefined reference to `FEC_RefRelease'
Node.cpp:(.text+0x112ad): undefined reference to `FEC_VariantGetString_cstr'
Node.cpp:(.text+0x112f3): undefined reference to `FEC_VariantDispose'
Node.cpp:(.text+0x11359): undefined reference to `FEC_VariantDispose'
lib/libCreationSplice-1.0.3-beta_s.a(Node.o): In function `CreationSpliceImpl::Node::Node(std::string const&, bool, unsigned int)':
Node.cpp:(.text+0x11674): undefined reference to `FEC_ClientCreateWithReportCallback'
Node.cpp:(.text+0x116b8): undefined reference to `FEC_ClientSetReportCallback'
Node.cpp:(.text+0x116d3): undefined reference to `FEC_ClientSetStatusCallback'
lib/libCreationSplice-1.0.3-beta_s.a(Node.o): In function `CreationSpliceImpl::Node::setFromPersistenceData(boost::shared_ptr<CreationSpliceImpl::Node>, std::string const&, std::string*)':
Node.cpp:(.text+0x13211): undefined reference to `FEC_VariantInitFromJSON'
Node.cpp:(.text+0x13226): undefined reference to `FEC_VariantInitTake'
Node.cpp:(.text+0x1323a): undefined reference to `FEC_VariantGetDictKeyValue_cstr'
Node.cpp:(.text+0x1325a): undefined reference to `FEC_VariantGetDictKeyValue_cstr'
Node.cpp:(.text+0x1327c): undefined reference to `FEC_VariantGetDictKeyValue_cstr'
Node.cpp:(.text+0x1329d): undefined reference to `FEC_VariantGetStringData'
Node.cpp:(.text+0x132de): undefined reference to `FEC_VariantGetArraySize'
Node.cpp:(.text+0x132f6): undefined reference to `FEC_VariantGetArrayElement'
Node.cpp:(.text+0x13308): undefined reference to `FEC_VariantGetDictKeyValue_cstr'
Node.cpp:(.text+0x13323): undefined reference to `FEC_VariantGetDictKeyValue_cstr'
Node.cpp:(.text+0x13340): undefined reference to `FEC_VariantGetDictKeyValue_cstr'
Node.cpp:(.text+0x13356): undefined reference to `FEC_VariantGetStringData'
Node.cpp:(.text+0x1339c): undefined reference to `FEC_VariantGetBoolean'
Node.cpp:(.text+0x133a6): undefined reference to `FEC_VariantGetStringData'
Node.cpp:(.text+0x133ef): undefined reference to `FEC_VariantDispose'
Node.cpp:(.text+0x1340a): undefined reference to `FEC_VariantGetArraySize'
Node.cpp:(.text+0x13420): undefined reference to `FEC_VariantGetArrayElement'
Node.cpp:(.text+0x13432): undefined reference to `FEC_VariantGetDictKeyValue_cstr'
Node.cpp:(.text+0x1344d): undefined reference to `FEC_VariantGetDictKeyValue_cstr'
Node.cpp:(.text+0x13468): undefined reference to `FEC_VariantGetDictKeyValue_cstr'
Node.cpp:(.text+0x13479): undefined reference to `FEC_VariantGetStringData'
Node.cpp:(.text+0x1349e): undefined reference to `FEC_VariantInitNull'
Node.cpp:(.text+0x134ce): undefined reference to `FEC_VariantInitFromJSON'
Node.cpp:(.text+0x134e3): undefined reference to `FEC_VariantInitTake'
Node.cpp:(.text+0x134f8): undefined reference to `FEC_VariantSetCopy'
Node.cpp:(.text+0x13505): undefined reference to `FEC_VariantDispose'
Node.cpp:(.text+0x13514): undefined reference to `FEC_VariantGetDictKeyValue_cstr'
Node.cpp:(.text+0x13521): undefined reference to `FEC_VariantGetStringData'
Node.cpp:(.text+0x13542): undefined reference to `FEC_VariantInitFromJSON'
Node.cpp:(.text+0x13557): undefined reference to `FEC_VariantInitTake'
Node.cpp:(.text+0x1356c): undefined reference to `FEC_VariantSetCopy'
Node.cpp:(.text+0x13579): undefined reference to `FEC_VariantDispose'
Node.cpp:(.text+0x1358e): undefined reference to `FEC_VariantInitCopy'
Node.cpp:(.text+0x13596): undefined reference to `FEC_VariantGetStringData'
Node.cpp:(.text+0x135b6): undefined reference to `FEC_VariantGetStringData'
Node.cpp:(.text+0x13623): undefined reference to `FEC_VariantDispose'
Node.cpp:(.text+0x1363b): undefined reference to `FEC_VariantGetDictKeyValue_cstr'
Node.cpp:(.text+0x13653): undefined reference to `FEC_VariantGetDictKeyValue_cstr'
Node.cpp:(.text+0x13664): undefined reference to `FEC_VariantGetBoolean'
Node.cpp:(.text+0x1366e): undefined reference to `FEC_VariantGetStringData'
Node.cpp:(.text+0x13749): undefined reference to `FEC_VariantDispose'
Node.cpp:(.text+0x137a9): undefined reference to `FEC_VariantGetArrayElement'
Node.cpp:(.text+0x137b8): undefined reference to `FEC_VariantGetDictKeyValue_cstr'
Node.cpp:(.text+0x137d3): undefined reference to `FEC_VariantGetDictKeyValue_cstr'
Node.cpp:(.text+0x137ee): undefined reference to `FEC_VariantGetDictKeyValue_cstr'
Node.cpp:(.text+0x13809): undefined reference to `FEC_VariantGetDictKeyValue_cstr'
Node.cpp:(.text+0x1381a): undefined reference to `FEC_VariantGetStringData'
Node.cpp:(.text+0x1383a): undefined reference to `FEC_VariantGetStringData'
Node.cpp:(.text+0x138a2): undefined reference to `FEC_VariantGetStringData'
Node.cpp:(.text+0x138f7): undefined reference to `FEC_VariantGetStringData'
Node.cpp:(.text+0x13939): undefined reference to `FEC_DGOperatorSetFilename'
Node.cpp:(.text+0x139b5): undefined reference to `FEC_DGOperatorSetSourceCode'
Node.cpp:(.text+0x139f4): undefined reference to `FEC_VariantGetArraySize'
Node.cpp:(.text+0x13af8): undefined reference to `FEC_VariantDispose'
Node.cpp:(.text+0x13c82): undefined reference to `FEC_VariantGetArrayElement'
Node.cpp:(.text+0x13c94): undefined reference to `FEC_VariantGetDictKeyValue_cstr'
Node.cpp:(.text+0x13caf): undefined reference to `FEC_VariantGetDictKeyValue_cstr'
Node.cpp:(.text+0x13cc3): undefined reference to `FEC_VariantGetDictKeyValue_cstr'
Node.cpp:(.text+0x13ce0): undefined reference to `FEC_VariantGetDictKeyValue_cstr'
Node.cpp:(.text+0x13cfd): undefined reference to `FEC_VariantGetDictKeyValue_cstr'
Node.cpp:(.text+0x13d0e): undefined reference to `FEC_VariantGetStringData'
Node.cpp:(.text+0x13d69): undefined reference to `FEC_VariantGetStringData'
Node.cpp:(.text+0x13d8e): undefined reference to `FEC_VariantGetStringData'
Node.cpp:(.text+0x13dae): undefined reference to `FEC_VariantGetStringData'
Node.cpp:(.text+0x13e84): undefined reference to `FEC_VariantGetStringData'
lib/libCreationSplice-1.0.3-beta_s.a(Node.o):Node.cpp:(.text+0x13ed6): more undefined references to `FEC_VariantGetStringData' follow
lib/libCreationSplice-1.0.3-beta_s.a(Node.o): In function `CreationSpliceImpl::Node::setFromPersistenceData(boost::shared_ptr<CreationSpliceImpl::Node>, std::string const&, std::string*)':
Node.cpp:(.text+0x13f3c): undefined reference to `FEC_VariantGetArraySize'
Node.cpp:(.text+0x14167): undefined reference to `FEC_VariantDispose'
Node.cpp:(.text+0x141b7): undefined reference to `FEC_VariantDispose'
Node.cpp:(.text+0x141c4): undefined reference to `FEC_VariantDispose'
Node.cpp:(.text+0x14368): undefined reference to `FEC_VariantDispose'
Node.cpp:(.text+0x1437d): undefined reference to `FEC_VariantDispose'
lib/libCreationSplice-1.0.3-beta_s.a(Node.o):Node.cpp:(.text._ZN12CreationCore9ExceptionD2Ev[_ZN12CreationCore9ExceptionD5Ev]+0x1): more undefined references to `FEC_VariantDispose' follow
lib/libCreationSplice-1.0.3-beta_s.a(Node.o): In function `CreationCore::Client::~Client()':
Node.cpp:(.text._ZN12CreationCore6ClientD2Ev[_ZN12CreationCore6ClientD5Ev]+0x1c): undefined reference to `FEC_RefRelease'
lib/libCreationSplice-1.0.3-beta_s.a(Node.o): In function `CreationCore::Client::~Client()':
Node.cpp:(.text._ZN12CreationCore6ClientD0Ev[_ZN12CreationCore6ClientD5Ev]+0x1c): undefined reference to `FEC_RefRelease'
lib/libCreationSplice-1.0.3-beta_s.a(Node.o): In function `CreationCore::DGBinding::~DGBinding()':
Node.cpp:(.text._ZN12CreationCore9DGBindingD2Ev[_ZN12CreationCore9DGBindingD5Ev]+0x1c): undefined reference to `FEC_RefRelease'
lib/libCreationSplice-1.0.3-beta_s.a(Node.o): In function `CreationCore::DGBindingList::~DGBindingList()':
Node.cpp:(.text._ZN12CreationCore13DGBindingListD2Ev[_ZN12CreationCore13DGBindingListD5Ev]+0x1c): undefined reference to `FEC_RefRelease'
lib/libCreationSplice-1.0.3-beta_s.a(Node.o): In function `CreationCore::DGOperator::~DGOperator()':
Node.cpp:(.text._ZN12CreationCore10DGOperatorD2Ev[_ZN12CreationCore10DGOperatorD5Ev]+0x1c): undefined reference to `FEC_RefRelease'
lib/libCreationSplice-1.0.3-beta_s.a(Node.o):Node.cpp:(.text._ZN12CreationCore13DGBindingListD0Ev[_ZN12CreationCore13DGBindingListD5Ev]+0x1c): more undefined references to `FEC_RefRelease' follow
lib/libCreationSplice-1.0.3-beta_s.a(Node.o): In function `CreationCore::Exception::Exception(CreationCore::Exception const&)':
Node.cpp:(.text._ZN12CreationCore9ExceptionC2ERKS0_[_ZN12CreationCore9ExceptionC5ERKS0_]+0x1): undefined reference to `FEC_VariantInitCopy'
lib/libCreationSplice-1.0.3-beta_s.a(Node.o): In function `CreationCore::Exception::MaybeThrow()':
Node.cpp:(.text._ZN12CreationCore9Exception10MaybeThrowEv[_ZN12CreationCore9Exception10MaybeThrowEv]+0x1b): undefined reference to `FEC_VariantInitWithLastException'
Node.cpp:(.text._ZN12CreationCore9Exception10MaybeThrowEv[_ZN12CreationCore9Exception10MaybeThrowEv]+0x25): undefined reference to `FEC_VariantIsNull'
Node.cpp:(.text._ZN12CreationCore9Exception10MaybeThrowEv[_ZN12CreationCore9Exception10MaybeThrowEv]+0x59): undefined reference to `FEC_VariantInitTake'
lib/libCreationSplice-1.0.3-beta_s.a(Node.o): In function `CreationCore::DGNamedObject::ensureIsValid() const':
Node.cpp:(.text._ZNK12CreationCore13DGNamedObject13ensureIsValidEv[_ZNK12CreationCore13DGNamedObject13ensureIsValidEv]+0x1f): undefined reference to `FEC_RefIsNull'
Node.cpp:(.text._ZNK12CreationCore13DGNamedObject13ensureIsValidEv[_ZNK12CreationCore13DGNamedObject13ensureIsValidEv]+0x39): undefined reference to `FEC_VariantInitStringCopy'
Node.cpp:(.text._ZNK12CreationCore13DGNamedObject13ensureIsValidEv[_ZNK12CreationCore13DGNamedObject13ensureIsValidEv]+0x53): undefined reference to `FEC_VariantInitTake'
lib/libCreationSplice-1.0.3-beta_s.a(Node.o): In function `std::pair<std::string, CreationCore::DGOperator>::~pair()':
Node.cpp:(.text._ZNSt4pairISsN12CreationCore10DGOperatorEED2Ev[_ZNSt4pairISsN12CreationCore10DGOperatorEED5Ev]+0x21): undefined reference to `FEC_RefRelease'
lib/libCreationSplice-1.0.3-beta_s.a(Node.o): In function `std::pair<std::string const, CreationCore::DGOperator>::~pair()':
Node.cpp:(.text._ZNSt4pairIKSsN12CreationCore10DGOperatorEED2Ev[_ZNSt4pairIKSsN12CreationCore10DGOperatorEED5Ev]+0x21): undefined reference to `FEC_RefRelease'
lib/libCreationSplice-1.0.3-beta_s.a(Node.o): In function `CreationSpliceImpl::Node::DGNodeData::~DGNodeData()':
Node.cpp:(.text._ZN18CreationSpliceImpl4Node10DGNodeDataD2Ev[_ZN18CreationSpliceImpl4Node10DGNodeDataD5Ev]+0x36): undefined reference to `FEC_RefRelease'
lib/libCreationSplice-1.0.3-beta_s.a(Node.o): In function `std::_Rb_tree<std::string, std::pair<std::string const, CreationSpliceImpl::Node::DGNodeData>, std::_Select1st<std::pair<std::string const, CreationSpliceImpl::Node::DGNodeData> >, std::less<std::string>, std::allocator<std::pair<std::string const, CreationSpliceImpl::Node::DGNodeData> > >::_M_erase(std::_Rb_tree_node<std::pair<std::string const, CreationSpliceImpl::Node::DGNodeData> >*)':
Node.cpp:(.text._ZNSt8_Rb_treeISsSt4pairIKSsN18CreationSpliceImpl4Node10DGNodeDataEESt10_Select1stIS5_ESt4lessISsESaIS5_EE8_M_eraseEPSt13_Rb_tree_nodeIS5_E[_ZNSt8_Rb_treeISsSt4pairIKSsN18CreationSpliceImpl4Node10DGNodeDataEESt10_Select1stIS5_ESt4lessISsESaIS5_EE8_M_eraseEPSt13_Rb_tree_nodeIS5_E]+0x60): undefined reference to `FEC_RefRelease'
lib/libCreationSplice-1.0.3-beta_s.a(Node.o): In function `std::pair<std::string, CreationSpliceImpl::Node::DGNodeData>::~pair()':
Node.cpp:(.text._ZNSt4pairISsN18CreationSpliceImpl4Node10DGNodeDataEED2Ev[_ZNSt4pairISsN18CreationSpliceImpl4Node10DGNodeDataEED5Ev]+0x3b): undefined reference to `FEC_RefRelease'
lib/libCreationSplice-1.0.3-beta_s.a(Node.o):Node.cpp:(.text._ZNSt4pairIKSsN18CreationSpliceImpl4Node10DGNodeDataEED2Ev[_ZNSt4pairIKSsN18CreationSpliceImpl4Node10DGNodeDataEED5Ev]+0x3b): more undefined references to `FEC_RefRelease' follow
lib/libCreationSplice-1.0.3-beta_s.a(Node.o): In function `std::_Rb_tree<std::string, std::pair<std::string const, CreationCore::DGOperator>, std::_Select1st<std::pair<std::string const, CreationCore::DGOperator> >, std::less<std::string>, std::allocator<std::pair<std::string const, CreationCore::DGOperator> > >::_M_insert_(std::_Rb_tree_node_base const*, std::_Rb_tree_node_base const*, std::pair<std::string const, CreationCore::DGOperator> const&)':
Node.cpp:(.text._ZNSt8_Rb_treeISsSt4pairIKSsN12CreationCore10DGOperatorEESt10_Select1stIS4_ESt4lessISsESaIS4_EE10_M_insert_EPKSt18_Rb_tree_node_baseSD_RKS4_[_ZNSt8_Rb_treeISsSt4pairIKSsN12CreationCore10DGOperatorEESt10_Select1stIS4_ESt4lessISsESaIS4_EE10_M_insert_EPKSt18_Rb_tree_node_baseSD_RKS4_]+0x79): undefined reference to `FEC_RefRetain'
lib/libCreationSplice-1.0.3-beta_s.a(Node.o): In function `CreationSpliceImpl::Node::DGNodeData::DGNodeData(CreationSpliceImpl::Node::DGNodeData const&)':
Node.cpp:(.text._ZN18CreationSpliceImpl4Node10DGNodeDataC2ERKS1_[_ZN18CreationSpliceImpl4Node10DGNodeDataC5ERKS1_]+0x26): undefined reference to `FEC_RefRetain'
lib/libCreationSplice-1.0.3-beta_s.a(Node.o): In function `std::_Rb_tree<std::string, std::pair<std::string const, CreationSpliceImpl::Node::DGNodeData>, std::_Select1st<std::pair<std::string const, CreationSpliceImpl::Node::DGNodeData> >, std::less<std::string>, std::allocator<std::pair<std::string const, CreationSpliceImpl::Node::DGNodeData> > >::_M_insert_(std::_Rb_tree_node_base const*, std::_Rb_tree_node_base const*, std::pair<std::string const, CreationSpliceImpl::Node::DGNodeData> const&)':
Node.cpp:(.text._ZNSt8_Rb_treeISsSt4pairIKSsN18CreationSpliceImpl4Node10DGNodeDataEESt10_Select1stIS5_ESt4lessISsESaIS5_EE10_M_insert_EPKSt18_Rb_tree_node_baseSE_RKS5_[_ZNSt8_Rb_treeISsSt4pairIKSsN18CreationSpliceImpl4Node10DGNodeDataEESt10_Select1stIS5_ESt4lessISsESaIS5_EE10_M_insert_EPKSt18_Rb_tree_node_baseSE_RKS5_]+0x68): undefined reference to `FEC_RefRetain'
lib/libCreationSplice-1.0.3-beta_s.a(Port.o): In function `CreationSpliceImpl::Port::setAllSlicesData(void*, unsigned int, std::string*)':
Port.cpp:(.text+0xb2a): undefined reference to `FEC_RefIsNull'
Port.cpp:(.text+0xb4b): undefined reference to `FEC_VariantInitStringCopy'
Port.cpp:(.text+0xb68): undefined reference to `FEC_VariantInitTake'
Port.cpp:(.text+0xce5): undefined reference to `FEC_DGContainerGetSize'
Port.cpp:(.text+0xcf5): undefined reference to `FEC_VariantInitWithLastException'
Port.cpp:(.text+0xd02): undefined reference to `FEC_VariantIsNull'
Port.cpp:(.text+0xe16): undefined reference to `FEC_RefIsNull'
Port.cpp:(.text+0xe33): undefined reference to `FEC_VariantInitStringCopy'
Port.cpp:(.text+0xe50): undefined reference to `FEC_VariantInitTake'
Port.cpp:(.text+0xe7d): undefined reference to `FEC_DGContainerSetMemberAllSlicesData'
Port.cpp:(.text+0xe8a): undefined reference to `FEC_VariantInitWithLastException'
Port.cpp:(.text+0xe97): undefined reference to `FEC_VariantIsNull'
Port.cpp:(.text+0xfe5): undefined reference to `FEC_VariantInitTake'
Port.cpp:(.text+0x1068): undefined reference to `FEC_VariantInitTake'
Port.cpp:(.text+0x10d7): undefined reference to `FEC_VariantGetString_cstr'
Port.cpp:(.text+0x1112): undefined reference to `FEC_VariantDispose'
Port.cpp:(.text+0x1144): undefined reference to `FEC_VariantDispose'
lib/libCreationSplice-1.0.3-beta_s.a(Port.o): In function `CreationSpliceImpl::Port::getAllSlicesData(void*, unsigned int, std::string*)':
Port.cpp:(.text+0x151b): undefined reference to `FEC_RefRetain'
Port.cpp:(.text+0x1563): undefined reference to `FEC_RefRelease'
Port.cpp:(.text+0x15d2): undefined reference to `FEC_RefIsNull'
Port.cpp:(.text+0x15f6): undefined reference to `FEC_VariantInitStringCopy'
Port.cpp:(.text+0x160e): undefined reference to `FEC_VariantInitTake'
Port.cpp:(.text+0x16f5): undefined reference to `FEC_DGContainerGetSize'
Port.cpp:(.text+0x1708): undefined reference to `FEC_VariantInitWithLastException'
Port.cpp:(.text+0x1710): undefined reference to `FEC_VariantIsNull'
Port.cpp:(.text+0x17ae): undefined reference to `FEC_RefIsNull'
Port.cpp:(.text+0x17c6): undefined reference to `FEC_VariantInitStringCopy'
Port.cpp:(.text+0x17de): undefined reference to `FEC_VariantInitTake'
Port.cpp:(.text+0x180e): undefined reference to `FEC_DGContainerGetMemberAllSlicesData'
Port.cpp:(.text+0x1816): undefined reference to `FEC_VariantInitWithLastException'
Port.cpp:(.text+0x181e): undefined reference to `FEC_VariantIsNull'
Port.cpp:(.text+0x18b0): undefined reference to `FEC_VariantInitTake'
Port.cpp:(.text+0x191d): undefined reference to `FEC_VariantGetString_cstr'
Port.cpp:(.text+0x1961): undefined reference to `FEC_VariantDispose'
Port.cpp:(.text+0x19ae): undefined reference to `FEC_VariantDispose'
Port.cpp:(.text+0x19df): undefined reference to `FEC_VariantInitTake'
lib/libCreationSplice-1.0.3-beta_s.a(Port.o): In function `CreationSpliceImpl::Port::getDefault(std::string*)':
Port.cpp:(.text+0x1b28): undefined reference to `FEC_VariantInitNull'
Port.cpp:(.text+0x1b57): undefined reference to `FEC_RefIsNull'
Port.cpp:(.text+0x1b70): undefined reference to `FEC_VariantInitWithDGContainerGetMemberDefaultData'
Port.cpp:(.text+0x1b80): undefined reference to `FEC_VariantInitWithLastException'
Port.cpp:(.text+0x1b88): undefined reference to `FEC_VariantIsNull'
Port.cpp:(.text+0x1b9f): undefined reference to `FEC_VariantInitTake'
Port.cpp:(.text+0x1bac): undefined reference to `FEC_VariantSetCopy'
Port.cpp:(.text+0x1bb6): undefined reference to `FEC_VariantDispose'
Port.cpp:(.text+0x1c38): undefined reference to `FEC_VariantInitStringCopy'
Port.cpp:(.text+0x1c50): undefined reference to `FEC_VariantInitTake'
Port.cpp:(.text+0x1d59): undefined reference to `FEC_VariantDispose'
Port.cpp:(.text+0x1d7e): undefined reference to `FEC_VariantInitTake'
Port.cpp:(.text+0x1dd2): undefined reference to `FEC_VariantDispose'
Port.cpp:(.text+0x1e65): undefined reference to `FEC_VariantGetString_cstr'
Port.cpp:(.text+0x1e98): undefined reference to `FEC_VariantDispose'
Port.cpp:(.text+0x1ecd): undefined reference to `FEC_VariantDispose'
lib/libCreationSplice-1.0.3-beta_s.a(Port.o): In function `CreationSpliceImpl::Port::setVariant(CreationCore::Variant, unsigned int, std::string*)':
Port.cpp:(.text+0x1f36): undefined reference to `FEC_RefIsNull'
Port.cpp:(.text+0x1f47): undefined reference to `FEC_DGContainerGetSize'
Port.cpp:(.text+0x1f54): undefined reference to `FEC_VariantInitWithLastException'
Port.cpp:(.text+0x1f5e): undefined reference to `FEC_VariantIsNull'
Port.cpp:(.text+0x2012): undefined reference to `FEC_VariantInitStringCopy'
Port.cpp:(.text+0x202c): undefined reference to `FEC_VariantInitTake'
Port.cpp:(.text+0x2062): undefined reference to `FEC_RefIsNull'
Port.cpp:(.text+0x207b): undefined reference to `FEC_DGContainerSetMemberSlice_Variant'
Port.cpp:(.text+0x2085): undefined reference to `FEC_VariantInitWithLastException'
Port.cpp:(.text+0x208f): undefined reference to `FEC_VariantIsNull'
Port.cpp:(.text+0x2192): undefined reference to `FEC_VariantInitStringCopy'
Port.cpp:(.text+0x21ac): undefined reference to `FEC_VariantInitTake'
Port.cpp:(.text+0x22a3): undefined reference to `FEC_VariantInitTake'
Port.cpp:(.text+0x22ef): undefined reference to `FEC_VariantInitTake'
Port.cpp:(.text+0x23c4): undefined reference to `FEC_VariantGetString_cstr'
Port.cpp:(.text+0x23f9): undefined reference to `FEC_VariantDispose'
Port.cpp:(.text+0x2452): undefined reference to `FEC_VariantDispose'
lib/libCreationSplice-1.0.3-beta_s.a(Port.o): In function `CreationSpliceImpl::Port::setJSON(std::string const&, unsigned int, std::string*)':
Port.cpp:(.text+0x24d6): undefined reference to `FEC_VariantInitFromJSON'
Port.cpp:(.text+0x24e5): undefined reference to `FEC_VariantInitTake'
Port.cpp:(.text+0x24f4): undefined reference to `FEC_VariantInitCopy'
Port.cpp:(.text+0x2513): undefined reference to `FEC_VariantDispose'
Port.cpp:(.text+0x251d): undefined reference to `FEC_VariantDispose'
Port.cpp:(.text+0x25b8): undefined reference to `FEC_VariantDispose'
Port.cpp:(.text+0x25fc): undefined reference to `FEC_VariantDispose'
Port.cpp:(.text+0x2622): undefined reference to `FEC_VariantGetString_cstr'
Port.cpp:(.text+0x2657): undefined reference to `FEC_VariantDispose'
Port.cpp:(.text+0x266e): undefined reference to `FEC_VariantDispose'
lib/libCreationSplice-1.0.3-beta_s.a(Port.o): In function `CreationSpliceImpl::Port::setSliceCount(unsigned int, std::string*)':
Port.cpp:(.text+0x26d9): undefined reference to `FEC_RefIsNull'
Port.cpp:(.text+0x26ed): undefined reference to `FEC_DGContainerSetSize'
Port.cpp:(.text+0x26f7): undefined reference to `FEC_VariantInitWithLastException'
Port.cpp:(.text+0x2701): undefined reference to `FEC_VariantIsNull'
Port.cpp:(.text+0x2782): undefined reference to `FEC_VariantInitStringCopy'
Port.cpp:(.text+0x279c): undefined reference to `FEC_VariantInitTake'
Port.cpp:(.text+0x292a): undefined reference to `FEC_VariantInitTake'
lib/libCreationSplice-1.0.3-beta_s.a(Port.o): In function `CreationSpliceImpl::Port::getSliceCount(std::string*)':
Port.cpp:(.text+0x2a36): undefined reference to `FEC_RefIsNull'
Port.cpp:(.text+0x2a43): undefined reference to `FEC_DGContainerGetSize'
Port.cpp:(.text+0x2a52): undefined reference to `FEC_VariantInitWithLastException'
Port.cpp:(.text+0x2a5a): undefined reference to `FEC_VariantIsNull'
Port.cpp:(.text+0x2ac5): undefined reference to `FEC_VariantInitStringCopy'
Port.cpp:(.text+0x2add): undefined reference to `FEC_VariantInitTake'
Port.cpp:(.text+0x2bd2): undefined reference to `FEC_VariantInitTake'
lib/libCreationSplice-1.0.3-beta_s.a(Port.o): In function `CreationSpliceImpl::Port::setArrayData(void*, unsigned int, unsigned int, std::string*)':
Port.cpp:(.text+0x301e): undefined reference to `FEC_RefIsNull'
Port.cpp:(.text+0x303e): undefined reference to `FEC_VariantInitStringCopy'
Port.cpp:(.text+0x3056): undefined reference to `FEC_VariantInitTake'
Port.cpp:(.text+0x307f): undefined reference to `FEC_DGContainerSetMemberSliceArraySize'
Port.cpp:(.text+0x308f): undefined reference to `FEC_VariantInitWithLastException'
Port.cpp:(.text+0x3097): undefined reference to `FEC_VariantIsNull'
Port.cpp:(.text+0x30be): undefined reference to `FEC_RefIsNull'
Port.cpp:(.text+0x30da): undefined reference to `FEC_VariantInitStringCopy'
Port.cpp:(.text+0x30f2): undefined reference to `FEC_VariantInitTake'
Port.cpp:(.text+0x3196): undefined reference to `FEC_DGContainerSetMemberSliceArrayData'
Port.cpp:(.text+0x319e): undefined reference to `FEC_VariantInitWithLastException'
Port.cpp:(.text+0x31a6): undefined reference to `FEC_VariantIsNull'
Port.cpp:(.text+0x31c6): undefined reference to `FEC_VariantInitTake'
Port.cpp:(.text+0x32dd): undefined reference to `FEC_VariantInitTake'
Port.cpp:(.text+0x3349): undefined reference to `FEC_VariantGetString_cstr'
Port.cpp:(.text+0x338d): undefined reference to `FEC_VariantDispose'
Port.cpp:(.text+0x3411): undefined reference to `FEC_VariantDispose'
lib/libCreationSplice-1.0.3-beta_s.a(Port.o): In function `CreationSpliceImpl::Port::getArrayData(void*, unsigned int, unsigned int, std::string*)':
Port.cpp:(.text+0x368b): undefined reference to `FEC_RefRetain'
Port.cpp:(.text+0x36d5): undefined reference to `FEC_RefRelease'
Port.cpp:(.text+0x390e): undefined reference to `FEC_RefIsNull'
Port.cpp:(.text+0x3932): undefined reference to `FEC_VariantInitStringCopy'
Port.cpp:(.text+0x394a): undefined reference to `FEC_VariantInitTake'
Port.cpp:(.text+0x3a43): undefined reference to `FEC_DGContainerGetMemberSliceArraySize'
Port.cpp:(.text+0x3a57): undefined reference to `FEC_VariantInitWithLastException'
Port.cpp:(.text+0x3a5f): undefined reference to `FEC_VariantIsNull'
Port.cpp:(.text+0x3b8b): undefined reference to `FEC_RefIsNull'
Port.cpp:(.text+0x3ba3): undefined reference to `FEC_VariantInitStringCopy'
Port.cpp:(.text+0x3bbb): undefined reference to `FEC_VariantInitTake'
Port.cpp:(.text+0x3beb): undefined reference to `FEC_DGContainerGetMemberSliceArrayData'
Port.cpp:(.text+0x3bf3): undefined reference to `FEC_VariantInitWithLastException'
Port.cpp:(.text+0x3bfb): undefined reference to `FEC_VariantIsNull'
Port.cpp:(.text+0x3c52): undefined reference to `FEC_VariantInitTake'
Port.cpp:(.text+0x3cb1): undefined reference to `FEC_VariantInitTake'
Port.cpp:(.text+0x3d18): undefined reference to `FEC_VariantGetString_cstr'
Port.cpp:(.text+0x3d57): undefined reference to `FEC_VariantDispose'
Port.cpp:(.text+0x3da9): undefined reference to `FEC_VariantGetString_cstr'
Port.cpp:(.text+0x3de8): undefined reference to `FEC_VariantDispose'
Port.cpp:(.text+0x3e1f): undefined reference to `FEC_VariantDispose'
Port.cpp:(.text+0x3e3e): undefined reference to `FEC_VariantDispose'
lib/libCreationSplice-1.0.3-beta_s.a(Port.o): In function `CreationSpliceImpl::Port::getArrayCount(unsigned int, std::string*)':
Port.cpp:(.text+0x40bb): undefined reference to `FEC_RefRetain'
Port.cpp:(.text+0x4103): undefined reference to `FEC_RefRelease'
Port.cpp:(.text+0x4256): undefined reference to `FEC_RefIsNull'
Port.cpp:(.text+0x427a): undefined reference to `FEC_VariantInitStringCopy'
Port.cpp:(.text+0x4292): undefined reference to `FEC_VariantInitTake'
Port.cpp:(.text+0x434b): undefined reference to `FEC_DGContainerGetMemberSliceArraySize'
Port.cpp:(.text+0x435d): undefined reference to `FEC_VariantInitWithLastException'
Port.cpp:(.text+0x4365): undefined reference to `FEC_VariantIsNull'
Port.cpp:(.text+0x4385): undefined reference to `FEC_VariantInitTake'
Port.cpp:(.text+0x43f9): undefined reference to `FEC_VariantGetString_cstr'
Port.cpp:(.text+0x442c): undefined reference to `FEC_VariantDispose'
Port.cpp:(.text+0x44a0): undefined reference to `FEC_VariantDispose'
lib/libCreationSplice-1.0.3-beta_s.a(Port.o): In function `CreationSpliceImpl::Port::getVariant(unsigned int, std::string*)':
Port.cpp:(.text+0x45f4): undefined reference to `FEC_VariantInitNull'
Port.cpp:(.text+0x4698): undefined reference to `FEC_RefRetain'
Port.cpp:(.text+0x46e0): undefined reference to `FEC_RefRelease'
Port.cpp:(.text+0x46f6): undefined reference to `FEC_VariantInitNull'
Port.cpp:(.text+0x475e): undefined reference to `FEC_RefIsNull'
Port.cpp:(.text+0x4779): undefined reference to `FEC_VariantInitWithDGContainerGetMemberSlice'
Port.cpp:(.text+0x4789): undefined reference to `FEC_VariantInitWithLastException'
Port.cpp:(.text+0x4791): undefined reference to `FEC_VariantIsNull'
Port.cpp:(.text+0x47ab): undefined reference to `FEC_VariantInitTake'
Port.cpp:(.text+0x47b8): undefined reference to `FEC_VariantInitCopy'
Port.cpp:(.text+0x47c2): undefined reference to `FEC_VariantDispose'
Port.cpp:(.text+0x47e8): undefined reference to `FEC_VariantInitStringCopy'
Port.cpp:(.text+0x4800): undefined reference to `FEC_VariantInitTake'
Port.cpp:(.text+0x493e): undefined reference to `FEC_VariantInitTake'
Port.cpp:(.text+0x496c): undefined reference to `FEC_VariantDispose'
Port.cpp:(.text+0x49c8): undefined reference to `FEC_VariantGetString_cstr'
Port.cpp:(.text+0x49fb): undefined reference to `FEC_VariantDispose'
Port.cpp:(.text+0x4ab2): undefined reference to `FEC_VariantDispose'
lib/libCreationSplice-1.0.3-beta_s.a(Port.o): In function `CreationSpliceImpl::Port::getJSON(unsigned int, std::string*)':
Port.cpp:(.text+0x4b68): undefined reference to `FEC_VariantIsNull'
Port.cpp:(.text+0x4b7b): undefined reference to `FEC_VariantInitWithVariantJSONEncoding'
Port.cpp:(.text+0x4b8a): undefined reference to `FEC_VariantInitTake'
Port.cpp:(.text+0x4b94): undefined reference to `FEC_VariantGetStringData'
Port.cpp:(.text+0x4bae): undefined reference to `FEC_VariantDispose'
Port.cpp:(.text+0x4bb8): undefined reference to `FEC_VariantDispose'
Port.cpp:(.text+0x4c15): undefined reference to `FEC_VariantDispose'
Port.cpp:(.text+0x4c41): undefined reference to `FEC_VariantDispose'
lib/libCreationSplice-1.0.3-beta_s.a(Port.o): In function `CreationSpliceImpl::Port::copyAllSlicesDataFromPort(boost::shared_ptr<CreationSpliceImpl::Port>, bool, std::string*)':
Port.cpp:(.text+0x5a0a): undefined reference to `FEC_RefIsNull'
Port.cpp:(.text+0x5a27): undefined reference to `FEC_VariantInitStringCopy'
Port.cpp:(.text+0x5a44): undefined reference to `FEC_VariantInitTake'
Port.cpp:(.text+0x5a65): undefined reference to `FEC_DGContainerGetSize'
Port.cpp:(.text+0x5a75): undefined reference to `FEC_VariantInitWithLastException'
Port.cpp:(.text+0x5a82): undefined reference to `FEC_VariantIsNull'
Port.cpp:(.text+0x5a98): undefined reference to `FEC_RefIsNull'
Port.cpp:(.text+0x5ab5): undefined reference to `FEC_VariantInitStringCopy'
Port.cpp:(.text+0x5ad2): undefined reference to `FEC_VariantInitTake'
Port.cpp:(.text+0x5ae0): undefined reference to `FEC_DGContainerGetSize'
Port.cpp:(.text+0x5aef): undefined reference to `FEC_VariantInitWithLastException'
Port.cpp:(.text+0x5afc): undefined reference to `FEC_VariantIsNull'
Port.cpp:(.text+0x5b20): undefined reference to `FEC_RefIsNull'
Port.cpp:(.text+0x5b41): undefined reference to `FEC_VariantInitStringCopy'
Port.cpp:(.text+0x5b5e): undefined reference to `FEC_VariantInitTake'
Port.cpp:(.text+0x5bbc): undefined reference to `FEC_RefRetain'
Port.cpp:(.text+0x5c90): undefined reference to `FEC_DGContainerSetSize'
Port.cpp:(.text+0x5c9d): undefined reference to `FEC_VariantInitWithLastException'
Port.cpp:(.text+0x5caa): undefined reference to `FEC_VariantIsNull'
Port.cpp:(.text+0x5ccf): undefined reference to `FEC_VariantInitTake'
Port.cpp:(.text+0x5d17): undefined reference to `FEC_DGContainerGetMemberAllSlicesData'
Port.cpp:(.text+0x5d3b): undefined reference to `FEC_DGContainerSetMemberAllSlicesData'
Port.cpp:(.text+0x5f24): undefined reference to `FEC_VariantInitTake'
Port.cpp:(.text+0x5f71): undefined reference to `FEC_VariantInitTake'
Port.cpp:(.text+0x5fd8): undefined reference to `FEC_VariantGetString_cstr'
Port.cpp:(.text+0x6017): undefined reference to `FEC_VariantDispose'
Port.cpp:(.text+0x6061): undefined reference to `FEC_VariantGetString_cstr'
Port.cpp:(.text+0x60a0): undefined reference to `FEC_VariantDispose'
Port.cpp:(.text+0x60d9): undefined reference to `FEC_VariantDispose'
Port.cpp:(.text+0x60f8): undefined reference to `FEC_VariantDispose'
lib/libCreationSplice-1.0.3-beta_s.a(Port.o): In function `CreationSpliceImpl::Port::copyArrayDataFromPort(boost::shared_ptr<CreationSpliceImpl::Port>, unsigned int, unsigned int, std::string*)':
Port.cpp:(.text+0x682f): undefined reference to `FEC_RefRetain'
Port.cpp:(.text+0x6876): undefined reference to `FEC_RefRelease'
Port.cpp:(.text+0x69a7): undefined reference to `FEC_DGContainerGetMemberSliceArrayData'
Port.cpp:(.text+0x69cf): undefined reference to `FEC_DGContainerSetMemberSliceArraySize'
Port.cpp:(.text+0x69fd): undefined reference to `FEC_DGContainerSetMemberSliceArrayData'
Port.cpp:(.text+0x6bc0): undefined reference to `FEC_VariantGetString_cstr'
Port.cpp:(.text+0x6bff): undefined reference to `FEC_VariantDispose'
Port.cpp:(.text+0x6c49): undefined reference to `FEC_VariantGetString_cstr'
Port.cpp:(.text+0x6c88): undefined reference to `FEC_VariantDispose'
Port.cpp:(.text+0x6cc9): undefined reference to `FEC_VariantDispose'
Port.cpp:(.text+0x6d08): undefined reference to `FEC_VariantGetString_cstr'
Port.cpp:(.text+0x6d47): undefined reference to `FEC_VariantDispose'
Port.cpp:(.text+0x6d7e): undefined reference to `FEC_VariantDispose'
Port.cpp:(.text+0x6d9d): undefined reference to `FEC_VariantDispose'
lib/libCreationSplice-1.0.3-beta_s.a(Port.o): In function `CreationSpliceImpl::Port::~Port()':
Port.cpp:(.text+0x70a1): undefined reference to `FEC_RefRelease'
lib/libCreationSplice-1.0.3-beta_s.a(Port.o): In function `CreationSpliceImpl::Port::Port(boost::shared_ptr<CreationSpliceImpl::Node>, std::string const&, std::string const&, CreationCore::DGNode, std::string const&, CreationSpliceImpl::Port::Mode, unsigned int, bool)':
Port.cpp:(.text+0x7631): undefined reference to `FEC_RefRelease'
Port.cpp:(.text+0x764e): undefined reference to `FEC_RefRetain'
lib/libCreationSplice-1.0.3-beta_s.a(Port.o): In function `CreationCore::Exception::Exception(CreationCore::Exception const&) [clone .constprop.42]':
Port.cpp:(.text+0x21): undefined reference to `FEC_VariantInitCopy'
lib/libCreationSplice-1.0.3-beta_s.a(Port.o): In function `CreationCore::DGContainer::getMemberSliceArraySize(char const*, unsigned int)':
Port.cpp:(.text._ZN12CreationCore11DGContainer23getMemberSliceArraySizeEPKcj[_ZN12CreationCore11DGContainer23getMemberSliceArraySizeEPKcj]+0x36): undefined reference to `FEC_RefIsNull'
Port.cpp:(.text._ZN12CreationCore11DGContainer23getMemberSliceArraySizeEPKcj[_ZN12CreationCore11DGContainer23getMemberSliceArraySizeEPKcj]+0x49): undefined reference to `FEC_DGContainerGetMemberSliceArraySize'
Port.cpp:(.text._ZN12CreationCore11DGContainer23getMemberSliceArraySizeEPKcj[_ZN12CreationCore11DGContainer23getMemberSliceArraySizeEPKcj]+0x53): undefined reference to `FEC_VariantInitWithLastException'
Port.cpp:(.text._ZN12CreationCore11DGContainer23getMemberSliceArraySizeEPKcj[_ZN12CreationCore11DGContainer23getMemberSliceArraySizeEPKcj]+0x5b): undefined reference to `FEC_VariantIsNull'
Port.cpp:(.text._ZN12CreationCore11DGContainer23getMemberSliceArraySizeEPKcj[_ZN12CreationCore11DGContainer23getMemberSliceArraySizeEPKcj]+0xa0): undefined reference to `FEC_VariantInitStringCopy'
Port.cpp:(.text._ZN12CreationCore11DGContainer23getMemberSliceArraySizeEPKcj[_ZN12CreationCore11DGContainer23getMemberSliceArraySizeEPKcj]+0xb8): undefined reference to `FEC_VariantInitTake'
Port.cpp:(.text._ZN12CreationCore11DGContainer23getMemberSliceArraySizeEPKcj[_ZN12CreationCore11DGContainer23getMemberSliceArraySizeEPKcj]+0xeb): undefined reference to `FEC_VariantInitTake'
collect2: error: ld returned 1 exit status
scons: *** [HelloWorld] Error 1
scons: building terminated because of errors.
